#
# A fatal error has been detected by the Java Runtime Environment:
#
#  EXCEPTION_ACCESS_VIOLATION (0xc0000005) at pc=0x000000007110b5db, pid=15032, tid=14900
#
# JRE version: Java(TM) SE Runtime Environment (19.0+36) (build 19+36-2238)
# Java VM: Java HotSpot(TM) 64-Bit Server VM (19+36-2238, mixed mode, emulated-client, sharing, tiered, compressed oops, compressed class ptrs, g1 gc, windows-amd64)
# Problematic frame:
# C  [jSSC-2.8_x86_64.dll+0xb5db]
#
# No core dump will be written. Minidumps are not enabled by default on client versions of Windows
#
# If you would like to submit a bug report, please visit:
#   https://bugreport.java.com/bugreport/crash.jsp
# The crash happened outside the Java Virtual Machine in native code.
# See problematic frame for where to report the bug.
#

---------------  S U M M A R Y ------------

Command Line: -XX:TieredStopAtLevel=1 -Xverify:none -Dspring.output.ansi.enabled=always -Dcom.sun.management.jmxremote -Dspring.jmx.enabled=true -Dspring.liveBeansView.mbeanDomain -Dspring.application.admin.enabled=true -javaagent:C:\Program Files\JetBrains\IntelliJ IDEA 2021.3.1\lib\idea_rt.jar=49155:C:\Program Files\JetBrains\IntelliJ IDEA 2021.3.1\bin -Dfile.encoding=UTF-8 com.i4rt.temperaturecontrol.TemperatureControlApplication

Host: Intel(R) Core(TM) i7-10750H CPU @ 2.60GHz, 12 cores, 15G,  Windows 10 , 64 bit Build 19041 (10.0.19041.1889)
Time: Thu Oct  6 10:33:43 2022 RTZ 6 (s 10 , 64 bit Build 19041 (10.0.19041.1889) elapsed time: 0.801998 seconds (0d 0h 0m 0s)

---------------  T H R E A D  ---------------

Current thread (0x000001e5b1a20b10):  JavaThread "main" [_thread_in_native, id=14900, stack(0x0000006d51100000,0x0000006d51200000)]

Stack: [0x0000006d51100000,0x0000006d51200000],  sp=0x0000006d511ff3c0,  free space=1020k
Native frames: (J=compiled Java code, j=interpreted, Vv=VM code, C=native code)
C  [jSSC-2.8_x86_64.dll+0xb5db]

Java frames: (J=compiled Java code, j=interpreted, Vv=VM code)
j  jssc.SerialNativeInterface.openPort(Ljava/lang/String;Z)J+0
j  jssc.SerialPort.openPort()Z+65
j  com.intelligt.modbus.jlibmodbus.serial.SerialPortJSSC.open()V+4
j  com.intelligt.modbus.jlibmodbus.net.ModbusConnectionSerial.open()V+11
j  com.intelligt.modbus.jlibmodbus.ModbusMaster.connectImpl()V+4
j  com.intelligt.modbus.jlibmodbus.ModbusMaster.connect()V+8
j  com.i4rt.temperaturecontrol.TemperatureControlApplication.main([Ljava/lang/String;)V+60
v  ~StubRoutines::call_stub 0x000001e5b997100e

siginfo: EXCEPTION_ACCESS_VIOLATION (0xc0000005), reading address 0xffffffffafa31df5


Registers:
RAX=0xffffffffafa31df5, RBX=0x0000006d511ff430, RCX=0x00007ff942aed1e4, RDX=0x0000000000000000
RSP=0x0000006d511ff3c0, RBP=0x0000006d511ff540, RSI=0x000001e5b1a20df0, RDI=0x00000000000006d4
R8 =0x0000006d511ff2b8, R9 =0x0000006d511ff3b0, R10=0x0000000000000000, R11=0x0000000000000246
R12=0x0000006d511ff600, R13=0x000001e5b1a22040, R14=0x0000006d511ff4f0, R15=0x000001e5b1a20b10
RIP=0x000000007110b5db, EFLAGS=0x0000000000010202


Register to memory mapping:

RIP=0x000000007110b5db jSSC-2.8_x86_64.dll
RAX=0xffffffffafa31df5 is an unknown value
RBX=0x0000006d511ff430 is pointing into the stack for thread: 0x000001e5b1a20b10
RCX=0x00007ff942aed1e4 ntdll.dll
RDX=0x0 is NULL
RSP=0x0000006d511ff3c0 is pointing into the stack for thread: 0x000001e5b1a20b10
RBP=0x0000006d511ff540 is pointing into the stack for thread: 0x000001e5b1a20b10
RSI=0x000001e5b1a20df0 points into unknown readable memory: 0x00007ff8e9b8f9a0 | a0 f9 b8 e9 f8 7f 00 00
RDI=0x00000000000006d4 is an unknown value
R8 =0x0000006d511ff2b8 is pointing into the stack for thread: 0x000001e5b1a20b10
R9 =0x0000006d511ff3b0 is pointing into the stack for thread: 0x000001e5b1a20b10
R10=0x0 is NULL
R11=0x0000000000000246 is an unknown value
R12=0x0000006d511ff600 is pointing into the stack for thread: 0x000001e5b1a20b10
R13=0x000001e5b1a22040 points into unknown readable memory: 0x00380032314d4f43 | 43 4f 4d 31 32 00 38 00
R14=0x0000006d511ff4f0 is pointing into the stack for thread: 0x000001e5b1a20b10
R15=0x000001e5b1a20b10 is a thread


Top of Stack: (sp=0x0000006d511ff3c0)
0x0000006d511ff3c0:   000001e5cda181a0 00007ff942a747b1
0x0000006d511ff3d0:   000000007110b230 000001e5af820000
0x0000006d511ff3e0:   000001e5b1a20b10 0000000000000004
0x0000006d511ff3f0:   000001e5b1a20df0 00000000000006d4
0x0000006d511ff400:   0000006d511ff540 0000000071112590
0x0000006d511ff410:   0000000000000000 000001e5af820000
0x0000006d511ff420:   0000006d511ff540 0000000000000000
0x0000006d511ff430:   0000000000000000 00007ff9404f9cfc
0x0000006d511ff440:   00000000000006d4 00007ff9407af05b
0x0000006d511ff450:   000001e5b1a22040 000001e5b1a20df0
0x0000006d511ff460:   0000000071113500 0000000071113be8
0x0000006d511ff470:   0000006d511ff4a0 0000000071112641
0x0000006d511ff480:   0000006d511ff410 0000000000000000
0x0000006d511ff490:   0000000000000000 0000000000000000
0x0000006d511ff4a0:   0000006d511ff540 0000000071101595
0x0000006d511ff4b0:   000000000000001c 000001e5b1a20df0 

Instructions: (pc=0x000000007110b5db)
0x000000007110b4db:   48 85 c0 74 bf 44 8b 03 45 85 c0 0f 84 77 ff ff
0x000000007110b4eb:   ff eb 9f 66 90 e8 8b fe ff ff 48 89 05 0c 34 01
0x000000007110b4fb:   00 eb ad 66 90 e8 7b fe ff ff 48 89 05 fc 33 01
0x000000007110b50b:   00 eb 8b e8 8d fe ff ff c7 03 01 00 00 00 e9 6f
0x000000007110b51b:   ff ff ff 66 90 55 48 89 e5 56 53 48 83 ec 20 48
0x000000007110b52b:   8b 05 d7 33 01 00 48 8b 31 48 89 cb 48 85 c0 74
0x000000007110b53b:   56 44 8b 18 45 85 db 78 42 48 8b 05 bd 33 01 00
0x000000007110b54b:   48 85 c0 74 50 44 8b 10 45 85 d2 74 1d 48 89 f1
0x000000007110b55b:   e8 d0 fd ff ff 48 8b 13 48 8d 42 40 48 8b 48 08
0x000000007110b56b:   48 8b 6a 40 48 8b 60 10 ff e1 48 8b 05 9c 33 01
0x000000007110b57b:   00 48 85 c0 74 2d 48 89 30 eb da e8 b5 fe ff ff
0x000000007110b58b:   0f 1f 44 00 00 eb b2 e8 e9 fd ff ff 48 89 05 6a
0x000000007110b59b:   33 01 00 eb 9c e8 db fd ff ff 48 89 05 5c 33 01
0x000000007110b5ab:   00 eb a2 e8 3d fd ff ff 48 89 05 5e 33 01 00 eb
0x000000007110b5bb:   c5 0f 1f 40 00 55 57 56 53 48 83 ec 28 48 8b 05
0x000000007110b5cb:   39 33 01 00 48 89 cb 48 85 c0 0f 84 c5 00 00 00
0x000000007110b5db:   8b 38 85 ff 0f 88 ab 00 00 00 48 8b 05 1c 33 01
0x000000007110b5eb:   00 48 85 c0 0f 84 bc 00 00 00 8b 30 85 f6 74 57
0x000000007110b5fb:   48 8b 05 0e 33 01 00 48 85 c0 0f 84 e5 00 00 00
0x000000007110b60b:   8b 28 48 8b 35 10 5e 01 00 ff d6 89 c7 89 e9 ff
0x000000007110b61b:   15 f4 5e 01 00 89 f9 48 89 c5 ff 15 b9 5e 01 00
0x000000007110b62b:   48 8b 05 de 32 01 00 48 89 2b 48 85 c0 74 46 48
0x000000007110b63b:   89 da 8b 08 ff 15 d7 5e 01 00 85 c0 74 27 48 83
0x000000007110b64b:   c4 28 5b 5e 5f 5d c3 48 8b 05 bf 32 01 00 48 85
0x000000007110b65b:   c0 74 64 48 8b 10 48 89 13 48 89 18 48 83 c4 28
0x000000007110b66b:   5b 5e 5f 5d c3 48 89 f2 48 83 c4 28 5b 5e 5f 5d
0x000000007110b67b:   48 ff e2 66 90 e8 8b fc ff ff 48 89 05 84 32 01
0x000000007110b68b:   00 eb ac 66 90 e8 ab fd ff ff e9 4b ff ff ff 66
0x000000007110b69b:   0f 1f 44 00 00 e8 db fc ff ff 48 89 05 5c 32 01
0x000000007110b6ab:   00 e9 2a ff ff ff e8 ca fc ff ff 48 89 05 4b 32
0x000000007110b6bb:   01 00 e9 33 ff ff ff e8 29 fc ff ff 48 89 05 4a
0x000000007110b6cb:   32 01 00 48 8b 10 48 85 c0 48 89 13 75 8b e8 12 


Stack slot to memory mapping:
stack at sp + 0 slots: 0x000001e5cda181a0 points into unknown readable memory: 0x005c002e005c005c | 5c 00 5c 00 2e 00 5c 00
stack at sp + 1 slots: 0x00007ff942a747b1 ntdll.dll
stack at sp + 2 slots: 0x000000007110b230 jSSC-2.8_x86_64.dll
stack at sp + 3 slots: 0x000001e5af820000 points into unknown readable memory: 0x0000000000000000 | 00 00 00 00 00 00 00 00
stack at sp + 4 slots: 0x000001e5b1a20b10 is a thread
stack at sp + 5 slots: 0x0000000000000004 is an unknown value
stack at sp + 6 slots: 0x000001e5b1a20df0 points into unknown readable memory: 0x00007ff8e9b8f9a0 | a0 f9 b8 e9 f8 7f 00 00
stack at sp + 7 slots: 0x00000000000006d4 is an unknown value


---------------  P R O C E S S  ---------------

Threads class SMR info:
_java_thread_list=0x000001e5cd7edc50, length=16, elements={
0x000001e5b1a20b10, 0x000001e5c8f60f80, 0x000001e5c8f61ab0, 0x000001e5c8f67290,
0x000001e5c8f67e40, 0x000001e5c8f68770, 0x000001e5c8f6b600, 0x000001e5c8f79590,
0x000001e5c8f7b050, 0x000001e5c8f34ca0, 0x000001e5cd1de430, 0x000001e5cd1e09c0,
0x000001e5cd6f70b0, 0x000001e5cd6f75f0, 0x000001e5cd87d910, 0x000001e5cd8efdb0
}

Java Threads: ( => current thread )
=>0x000001e5b1a20b10 JavaThread "main" [_thread_in_native, id=14900, stack(0x0000006d51100000,0x0000006d51200000)]
  0x000001e5c8f60f80 JavaThread "Reference Handler" daemon [_thread_blocked, id=8312, stack(0x0000006d51800000,0x0000006d51900000)]
  0x000001e5c8f61ab0 JavaThread "Finalizer" daemon [_thread_blocked, id=8460, stack(0x0000006d51900000,0x0000006d51a00000)]
  0x000001e5c8f67290 JavaThread "Signal Dispatcher" daemon [_thread_blocked, id=4060, stack(0x0000006d51a00000,0x0000006d51b00000)]
  0x000001e5c8f67e40 JavaThread "Attach Listener" daemon [_thread_blocked, id=13228, stack(0x0000006d51b00000,0x0000006d51c00000)]
  0x000001e5c8f68770 JavaThread "Service Thread" daemon [_thread_blocked, id=10944, stack(0x0000006d51c00000,0x0000006d51d00000)]
  0x000001e5c8f6b600 JavaThread "Monitor Deflation Thread" daemon [_thread_blocked, id=13336, stack(0x0000006d51d00000,0x0000006d51e00000)]
  0x000001e5c8f79590 JavaThread "C1 CompilerThread0" daemon [_thread_blocked, id=8868, stack(0x0000006d51e00000,0x0000006d51f00000)]
  0x000001e5c8f7b050 JavaThread "Sweeper thread" daemon [_thread_blocked, id=2980, stack(0x0000006d51f00000,0x0000006d52000000)]
  0x000001e5c8f34ca0 JavaThread "Common-Cleaner" daemon [_thread_blocked, id=11660, stack(0x0000006d52000000,0x0000006d52100000)]
  0x000001e5cd1de430 JavaThread "C1 CompilerThread1" daemon [_thread_blocked, id=11668, stack(0x0000006d52100000,0x0000006d52200000)]
  0x000001e5cd1e09c0 JavaThread "C1 CompilerThread2" daemon [_thread_blocked, id=11664, stack(0x0000006d52200000,0x0000006d52300000)]
  0x000001e5cd6f70b0 JavaThread "Monitor Ctrl-Break" daemon [_thread_in_native, id=9768, stack(0x0000006d52300000,0x0000006d52400000)]
  0x000001e5cd6f75f0 JavaThread "Notification Thread" daemon [_thread_blocked, id=6080, stack(0x0000006d52400000,0x0000006d52500000)]
  0x000001e5cd87d910 JavaThread "C1 CompilerThread3" daemon [_thread_blocked, id=8772, stack(0x0000006d52500000,0x0000006d52600000)]
  0x000001e5cd8efdb0 JavaThread "RMI TCP Accept-0" daemon [_thread_in_native, id=9992, stack(0x0000006d52600000,0x0000006d52700000)]

Other Threads:
  0x000001e5c8f46de0 VMThread "VM Thread" [stack: 0x0000006d51700000,0x0000006d51800000] [id=9068]
  0x000001e5b1a21b30 WatcherThread "VM Periodic Task Thread" [stack: 0x0000006d52700000,0x0000006d52800000] [id=13420]
  0x000001e5b1a8f770 WorkerThread "GC Thread#0" [stack: 0x0000006d51200000,0x0000006d51300000] [id=14904]
  0x000001e5b1aa2d30 ConcurrentGCThread "G1 Main Marker" [stack: 0x0000006d51300000,0x0000006d51400000] [id=13328]
  0x000001e5b1aa3760 WorkerThread "G1 Conc#0" [stack: 0x0000006d51400000,0x0000006d51500000] [id=5444]
  0x000001e5b1adeb80 ConcurrentGCThread "G1 Refine#0" [stack: 0x0000006d51500000,0x0000006d51600000] [id=9056]
  0x000001e5c8e04de0 ConcurrentGCThread "G1 Service" [stack: 0x0000006d51600000,0x0000006d51700000] [id=9052]

Threads with active compile tasks:

VM state: not at safepoint (normal execution)

VM Mutex/Monitor currently owned by a thread: None

Heap address: 0x0000000703000000, size: 4048 MB, Compressed Oops mode: Zero based, Oop shift amount: 3

CDS archive(s) mapped at: [0x0000000800000000-0x0000000800c40000-0x0000000800c40000), size 12845056, SharedBaseAddress: 0x0000000800000000, ArchiveRelocationMode: 0.
Compressed class space mapped at: 0x0000000801000000-0x0000000841000000, reserved size: 1073741824
Narrow klass base: 0x0000000800000000, Narrow klass shift: 0, Narrow klass range: 0x100000000

GC Precious Log:
 CardTable entry size: 512
 Card Set container configuration: InlinePtr #cards 4 size 8 Array Of Cards #cards 8 size 32 Howl #buckets 8 coarsen threshold 3686 Howl Bitmap #cards 512 size 80 coarsen threshold 460 Card regions per heap region 1 cards per card region 4096
 CPUs: 12 total, 12 available
 Memory: 16185M
 Large Page Support: Disabled
 NUMA Support: Disabled
 Compressed Oops: Enabled (Zero based)
 Heap Region Size: 2M
 Heap Min Capacity: 8M
 Heap Initial Capacity: 254M
 Heap Max Capacity: 4048M
 Pre-touch: Disabled
 Parallel Workers: 10
 Concurrent Workers: 3
 Concurrent Refinement Workers: 10
 Periodic GC: Disabled

Heap:
 garbage-first heap   total 260096K, used 14336K [0x0000000703000000, 0x0000000800000000)
  region size 2048K, 9 young (18432K), 0 survivors (0K)
 Metaspace       used 5153K, committed 5312K, reserved 1114112K
  class space    used 605K, committed 704K, reserved 1048576K

Heap Regions: E=young(eden), S=young(survivor), O=old, HS=humongous(starts), HC=humongous(continues), CS=collection set, F=free, OA=open archive, CA=closed archive, TAMS=top-at-mark-start (previous, next)
|   0|0x0000000703000000, 0x0000000703000000, 0x0000000703200000|  0%| F|  |TAMS 0x0000000703000000, 0x0000000703000000| Untracked 
|   1|0x0000000703200000, 0x0000000703200000, 0x0000000703400000|  0%| F|  |TAMS 0x0000000703200000, 0x0000000703200000| Untracked 
|   2|0x0000000703400000, 0x0000000703400000, 0x0000000703600000|  0%| F|  |TAMS 0x0000000703400000, 0x0000000703400000| Untracked 
|   3|0x0000000703600000, 0x0000000703600000, 0x0000000703800000|  0%| F|  |TAMS 0x0000000703600000, 0x0000000703600000| Untracked 
|   4|0x0000000703800000, 0x0000000703800000, 0x0000000703a00000|  0%| F|  |TAMS 0x0000000703800000, 0x0000000703800000| Untracked 
|   5|0x0000000703a00000, 0x0000000703a00000, 0x0000000703c00000|  0%| F|  |TAMS 0x0000000703a00000, 0x0000000703a00000| Untracked 
|   6|0x0000000703c00000, 0x0000000703c00000, 0x0000000703e00000|  0%| F|  |TAMS 0x0000000703c00000, 0x0000000703c00000| Untracked 
|   7|0x0000000703e00000, 0x0000000703e00000, 0x0000000704000000|  0%| F|  |TAMS 0x0000000703e00000, 0x0000000703e00000| Untracked 
|   8|0x0000000704000000, 0x0000000704000000, 0x0000000704200000|  0%| F|  |TAMS 0x0000000704000000, 0x0000000704000000| Untracked 
|   9|0x0000000704200000, 0x0000000704200000, 0x0000000704400000|  0%| F|  |TAMS 0x0000000704200000, 0x0000000704200000| Untracked 
|  10|0x0000000704400000, 0x0000000704400000, 0x0000000704600000|  0%| F|  |TAMS 0x0000000704400000, 0x0000000704400000| Untracked 
|  11|0x0000000704600000, 0x0000000704600000, 0x0000000704800000|  0%| F|  |TAMS 0x0000000704600000, 0x0000000704600000| Untracked 
|  12|0x0000000704800000, 0x0000000704800000, 0x0000000704a00000|  0%| F|  |TAMS 0x0000000704800000, 0x0000000704800000| Untracked 
|  13|0x0000000704a00000, 0x0000000704a00000, 0x0000000704c00000|  0%| F|  |TAMS 0x0000000704a00000, 0x0000000704a00000| Untracked 
|  14|0x0000000704c00000, 0x0000000704c00000, 0x0000000704e00000|  0%| F|  |TAMS 0x0000000704c00000, 0x0000000704c00000| Untracked 
|  15|0x0000000704e00000, 0x0000000704e00000, 0x0000000705000000|  0%| F|  |TAMS 0x0000000704e00000, 0x0000000704e00000| Untracked 
|  16|0x0000000705000000, 0x0000000705000000, 0x0000000705200000|  0%| F|  |TAMS 0x0000000705000000, 0x0000000705000000| Untracked 
|  17|0x0000000705200000, 0x0000000705200000, 0x0000000705400000|  0%| F|  |TAMS 0x0000000705200000, 0x0000000705200000| Untracked 
|  18|0x0000000705400000, 0x0000000705400000, 0x0000000705600000|  0%| F|  |TAMS 0x0000000705400000, 0x0000000705400000| Untracked 
|  19|0x0000000705600000, 0x0000000705600000, 0x0000000705800000|  0%| F|  |TAMS 0x0000000705600000, 0x0000000705600000| Untracked 
|  20|0x0000000705800000, 0x0000000705800000, 0x0000000705a00000|  0%| F|  |TAMS 0x0000000705800000, 0x0000000705800000| Untracked 
|  21|0x0000000705a00000, 0x0000000705a00000, 0x0000000705c00000|  0%| F|  |TAMS 0x0000000705a00000, 0x0000000705a00000| Untracked 
|  22|0x0000000705c00000, 0x0000000705c00000, 0x0000000705e00000|  0%| F|  |TAMS 0x0000000705c00000, 0x0000000705c00000| Untracked 
|  23|0x0000000705e00000, 0x0000000705e00000, 0x0000000706000000|  0%| F|  |TAMS 0x0000000705e00000, 0x0000000705e00000| Untracked 
|  24|0x0000000706000000, 0x0000000706000000, 0x0000000706200000|  0%| F|  |TAMS 0x0000000706000000, 0x0000000706000000| Untracked 
|  25|0x0000000706200000, 0x0000000706200000, 0x0000000706400000|  0%| F|  |TAMS 0x0000000706200000, 0x0000000706200000| Untracked 
|  26|0x0000000706400000, 0x0000000706400000, 0x0000000706600000|  0%| F|  |TAMS 0x0000000706400000, 0x0000000706400000| Untracked 
|  27|0x0000000706600000, 0x0000000706600000, 0x0000000706800000|  0%| F|  |TAMS 0x0000000706600000, 0x0000000706600000| Untracked 
|  28|0x0000000706800000, 0x0000000706800000, 0x0000000706a00000|  0%| F|  |TAMS 0x0000000706800000, 0x0000000706800000| Untracked 
|  29|0x0000000706a00000, 0x0000000706a00000, 0x0000000706c00000|  0%| F|  |TAMS 0x0000000706a00000, 0x0000000706a00000| Untracked 
|  30|0x0000000706c00000, 0x0000000706c00000, 0x0000000706e00000|  0%| F|  |TAMS 0x0000000706c00000, 0x0000000706c00000| Untracked 
|  31|0x0000000706e00000, 0x0000000706e00000, 0x0000000707000000|  0%| F|  |TAMS 0x0000000706e00000, 0x0000000706e00000| Untracked 
|  32|0x0000000707000000, 0x0000000707000000, 0x0000000707200000|  0%| F|  |TAMS 0x0000000707000000, 0x0000000707000000| Untracked 
|  33|0x0000000707200000, 0x0000000707200000, 0x0000000707400000|  0%| F|  |TAMS 0x0000000707200000, 0x0000000707200000| Untracked 
|  34|0x0000000707400000, 0x0000000707400000, 0x0000000707600000|  0%| F|  |TAMS 0x0000000707400000, 0x0000000707400000| Untracked 
|  35|0x0000000707600000, 0x0000000707600000, 0x0000000707800000|  0%| F|  |TAMS 0x0000000707600000, 0x0000000707600000| Untracked 
|  36|0x0000000707800000, 0x0000000707800000, 0x0000000707a00000|  0%| F|  |TAMS 0x0000000707800000, 0x0000000707800000| Untracked 
|  37|0x0000000707a00000, 0x0000000707a00000, 0x0000000707c00000|  0%| F|  |TAMS 0x0000000707a00000, 0x0000000707a00000| Untracked 
|  38|0x0000000707c00000, 0x0000000707c00000, 0x0000000707e00000|  0%| F|  |TAMS 0x0000000707c00000, 0x0000000707c00000| Untracked 
|  39|0x0000000707e00000, 0x0000000707e00000, 0x0000000708000000|  0%| F|  |TAMS 0x0000000707e00000, 0x0000000707e00000| Untracked 
|  40|0x0000000708000000, 0x0000000708000000, 0x0000000708200000|  0%| F|  |TAMS 0x0000000708000000, 0x0000000708000000| Untracked 
|  41|0x0000000708200000, 0x0000000708200000, 0x0000000708400000|  0%| F|  |TAMS 0x0000000708200000, 0x0000000708200000| Untracked 
|  42|0x0000000708400000, 0x0000000708400000, 0x0000000708600000|  0%| F|  |TAMS 0x0000000708400000, 0x0000000708400000| Untracked 
|  43|0x0000000708600000, 0x0000000708600000, 0x0000000708800000|  0%| F|  |TAMS 0x0000000708600000, 0x0000000708600000| Untracked 
|  44|0x0000000708800000, 0x0000000708800000, 0x0000000708a00000|  0%| F|  |TAMS 0x0000000708800000, 0x0000000708800000| Untracked 
|  45|0x0000000708a00000, 0x0000000708a00000, 0x0000000708c00000|  0%| F|  |TAMS 0x0000000708a00000, 0x0000000708a00000| Untracked 
|  46|0x0000000708c00000, 0x0000000708c00000, 0x0000000708e00000|  0%| F|  |TAMS 0x0000000708c00000, 0x0000000708c00000| Untracked 
|  47|0x0000000708e00000, 0x0000000708e00000, 0x0000000709000000|  0%| F|  |TAMS 0x0000000708e00000, 0x0000000708e00000| Untracked 
|  48|0x0000000709000000, 0x0000000709000000, 0x0000000709200000|  0%| F|  |TAMS 0x0000000709000000, 0x0000000709000000| Untracked 
|  49|0x0000000709200000, 0x0000000709200000, 0x0000000709400000|  0%| F|  |TAMS 0x0000000709200000, 0x0000000709200000| Untracked 
|  50|0x0000000709400000, 0x0000000709400000, 0x0000000709600000|  0%| F|  |TAMS 0x0000000709400000, 0x0000000709400000| Untracked 
|  51|0x0000000709600000, 0x0000000709600000, 0x0000000709800000|  0%| F|  |TAMS 0x0000000709600000, 0x0000000709600000| Untracked 
|  52|0x0000000709800000, 0x0000000709800000, 0x0000000709a00000|  0%| F|  |TAMS 0x0000000709800000, 0x0000000709800000| Untracked 
|  53|0x0000000709a00000, 0x0000000709a00000, 0x0000000709c00000|  0%| F|  |TAMS 0x0000000709a00000, 0x0000000709a00000| Untracked 
|  54|0x0000000709c00000, 0x0000000709c00000, 0x0000000709e00000|  0%| F|  |TAMS 0x0000000709c00000, 0x0000000709c00000| Untracked 
|  55|0x0000000709e00000, 0x0000000709e00000, 0x000000070a000000|  0%| F|  |TAMS 0x0000000709e00000, 0x0000000709e00000| Untracked 
|  56|0x000000070a000000, 0x000000070a000000, 0x000000070a200000|  0%| F|  |TAMS 0x000000070a000000, 0x000000070a000000| Untracked 
|  57|0x000000070a200000, 0x000000070a200000, 0x000000070a400000|  0%| F|  |TAMS 0x000000070a200000, 0x000000070a200000| Untracked 
|  58|0x000000070a400000, 0x000000070a400000, 0x000000070a600000|  0%| F|  |TAMS 0x000000070a400000, 0x000000070a400000| Untracked 
|  59|0x000000070a600000, 0x000000070a600000, 0x000000070a800000|  0%| F|  |TAMS 0x000000070a600000, 0x000000070a600000| Untracked 
|  60|0x000000070a800000, 0x000000070a800000, 0x000000070aa00000|  0%| F|  |TAMS 0x000000070a800000, 0x000000070a800000| Untracked 
|  61|0x000000070aa00000, 0x000000070aa00000, 0x000000070ac00000|  0%| F|  |TAMS 0x000000070aa00000, 0x000000070aa00000| Untracked 
|  62|0x000000070ac00000, 0x000000070ac00000, 0x000000070ae00000|  0%| F|  |TAMS 0x000000070ac00000, 0x000000070ac00000| Untracked 
|  63|0x000000070ae00000, 0x000000070ae00000, 0x000000070b000000|  0%| F|  |TAMS 0x000000070ae00000, 0x000000070ae00000| Untracked 
|  64|0x000000070b000000, 0x000000070b000000, 0x000000070b200000|  0%| F|  |TAMS 0x000000070b000000, 0x000000070b000000| Untracked 
|  65|0x000000070b200000, 0x000000070b200000, 0x000000070b400000|  0%| F|  |TAMS 0x000000070b200000, 0x000000070b200000| Untracked 
|  66|0x000000070b400000, 0x000000070b400000, 0x000000070b600000|  0%| F|  |TAMS 0x000000070b400000, 0x000000070b400000| Untracked 
|  67|0x000000070b600000, 0x000000070b600000, 0x000000070b800000|  0%| F|  |TAMS 0x000000070b600000, 0x000000070b600000| Untracked 
|  68|0x000000070b800000, 0x000000070b800000, 0x000000070ba00000|  0%| F|  |TAMS 0x000000070b800000, 0x000000070b800000| Untracked 
|  69|0x000000070ba00000, 0x000000070ba00000, 0x000000070bc00000|  0%| F|  |TAMS 0x000000070ba00000, 0x000000070ba00000| Untracked 
|  70|0x000000070bc00000, 0x000000070bc00000, 0x000000070be00000|  0%| F|  |TAMS 0x000000070bc00000, 0x000000070bc00000| Untracked 
|  71|0x000000070be00000, 0x000000070be00000, 0x000000070c000000|  0%| F|  |TAMS 0x000000070be00000, 0x000000070be00000| Untracked 
|  72|0x000000070c000000, 0x000000070c000000, 0x000000070c200000|  0%| F|  |TAMS 0x000000070c000000, 0x000000070c000000| Untracked 
|  73|0x000000070c200000, 0x000000070c200000, 0x000000070c400000|  0%| F|  |TAMS 0x000000070c200000, 0x000000070c200000| Untracked 
|  74|0x000000070c400000, 0x000000070c400000, 0x000000070c600000|  0%| F|  |TAMS 0x000000070c400000, 0x000000070c400000| Untracked 
|  75|0x000000070c600000, 0x000000070c600000, 0x000000070c800000|  0%| F|  |TAMS 0x000000070c600000, 0x000000070c600000| Untracked 
|  76|0x000000070c800000, 0x000000070c800000, 0x000000070ca00000|  0%| F|  |TAMS 0x000000070c800000, 0x000000070c800000| Untracked 
|  77|0x000000070ca00000, 0x000000070ca00000, 0x000000070cc00000|  0%| F|  |TAMS 0x000000070ca00000, 0x000000070ca00000| Untracked 
|  78|0x000000070cc00000, 0x000000070cc00000, 0x000000070ce00000|  0%| F|  |TAMS 0x000000070cc00000, 0x000000070cc00000| Untracked 
|  79|0x000000070ce00000, 0x000000070ce00000, 0x000000070d000000|  0%| F|  |TAMS 0x000000070ce00000, 0x000000070ce00000| Untracked 
|  80|0x000000070d000000, 0x000000070d000000, 0x000000070d200000|  0%| F|  |TAMS 0x000000070d000000, 0x000000070d000000| Untracked 
|  81|0x000000070d200000, 0x000000070d200000, 0x000000070d400000|  0%| F|  |TAMS 0x000000070d200000, 0x000000070d200000| Untracked 
|  82|0x000000070d400000, 0x000000070d400000, 0x000000070d600000|  0%| F|  |TAMS 0x000000070d400000, 0x000000070d400000| Untracked 
|  83|0x000000070d600000, 0x000000070d600000, 0x000000070d800000|  0%| F|  |TAMS 0x000000070d600000, 0x000000070d600000| Untracked 
|  84|0x000000070d800000, 0x000000070d800000, 0x000000070da00000|  0%| F|  |TAMS 0x000000070d800000, 0x000000070d800000| Untracked 
|  85|0x000000070da00000, 0x000000070da00000, 0x000000070dc00000|  0%| F|  |TAMS 0x000000070da00000, 0x000000070da00000| Untracked 
|  86|0x000000070dc00000, 0x000000070dc00000, 0x000000070de00000|  0%| F|  |TAMS 0x000000070dc00000, 0x000000070dc00000| Untracked 
|  87|0x000000070de00000, 0x000000070de00000, 0x000000070e000000|  0%| F|  |TAMS 0x000000070de00000, 0x000000070de00000| Untracked 
|  88|0x000000070e000000, 0x000000070e000000, 0x000000070e200000|  0%| F|  |TAMS 0x000000070e000000, 0x000000070e000000| Untracked 
|  89|0x000000070e200000, 0x000000070e200000, 0x000000070e400000|  0%| F|  |TAMS 0x000000070e200000, 0x000000070e200000| Untracked 
|  90|0x000000070e400000, 0x000000070e400000, 0x000000070e600000|  0%| F|  |TAMS 0x000000070e400000, 0x000000070e400000| Untracked 
|  91|0x000000070e600000, 0x000000070e600000, 0x000000070e800000|  0%| F|  |TAMS 0x000000070e600000, 0x000000070e600000| Untracked 
|  92|0x000000070e800000, 0x000000070e800000, 0x000000070ea00000|  0%| F|  |TAMS 0x000000070e800000, 0x000000070e800000| Untracked 
|  93|0x000000070ea00000, 0x000000070ea00000, 0x000000070ec00000|  0%| F|  |TAMS 0x000000070ea00000, 0x000000070ea00000| Untracked 
|  94|0x000000070ec00000, 0x000000070ec00000, 0x000000070ee00000|  0%| F|  |TAMS 0x000000070ec00000, 0x000000070ec00000| Untracked 
|  95|0x000000070ee00000, 0x000000070ee00000, 0x000000070f000000|  0%| F|  |TAMS 0x000000070ee00000, 0x000000070ee00000| Untracked 
|  96|0x000000070f000000, 0x000000070f000000, 0x000000070f200000|  0%| F|  |TAMS 0x000000070f000000, 0x000000070f000000| Untracked 
|  97|0x000000070f200000, 0x000000070f200000, 0x000000070f400000|  0%| F|  |TAMS 0x000000070f200000, 0x000000070f200000| Untracked 
|  98|0x000000070f400000, 0x000000070f400000, 0x000000070f600000|  0%| F|  |TAMS 0x000000070f400000, 0x000000070f400000| Untracked 
|  99|0x000000070f600000, 0x000000070f600000, 0x000000070f800000|  0%| F|  |TAMS 0x000000070f600000, 0x000000070f600000| Untracked 
| 100|0x000000070f800000, 0x000000070f800000, 0x000000070fa00000|  0%| F|  |TAMS 0x000000070f800000, 0x000000070f800000| Untracked 
| 101|0x000000070fa00000, 0x000000070fa00000, 0x000000070fc00000|  0%| F|  |TAMS 0x000000070fa00000, 0x000000070fa00000| Untracked 
| 102|0x000000070fc00000, 0x000000070fc00000, 0x000000070fe00000|  0%| F|  |TAMS 0x000000070fc00000, 0x000000070fc00000| Untracked 
| 103|0x000000070fe00000, 0x000000070fe00000, 0x0000000710000000|  0%| F|  |TAMS 0x000000070fe00000, 0x000000070fe00000| Untracked 
| 104|0x0000000710000000, 0x0000000710000000, 0x0000000710200000|  0%| F|  |TAMS 0x0000000710000000, 0x0000000710000000| Untracked 
| 105|0x0000000710200000, 0x0000000710200000, 0x0000000710400000|  0%| F|  |TAMS 0x0000000710200000, 0x0000000710200000| Untracked 
| 106|0x0000000710400000, 0x0000000710400000, 0x0000000710600000|  0%| F|  |TAMS 0x0000000710400000, 0x0000000710400000| Untracked 
| 107|0x0000000710600000, 0x0000000710600000, 0x0000000710800000|  0%| F|  |TAMS 0x0000000710600000, 0x0000000710600000| Untracked 
| 108|0x0000000710800000, 0x0000000710800000, 0x0000000710a00000|  0%| F|  |TAMS 0x0000000710800000, 0x0000000710800000| Untracked 
| 109|0x0000000710a00000, 0x0000000710a00000, 0x0000000710c00000|  0%| F|  |TAMS 0x0000000710a00000, 0x0000000710a00000| Untracked 
| 110|0x0000000710c00000, 0x0000000710c00000, 0x0000000710e00000|  0%| F|  |TAMS 0x0000000710c00000, 0x0000000710c00000| Untracked 
| 111|0x0000000710e00000, 0x0000000710e00000, 0x0000000711000000|  0%| F|  |TAMS 0x0000000710e00000, 0x0000000710e00000| Untracked 
| 112|0x0000000711000000, 0x0000000711000000, 0x0000000711200000|  0%| F|  |TAMS 0x0000000711000000, 0x0000000711000000| Untracked 
| 113|0x0000000711200000, 0x0000000711200000, 0x0000000711400000|  0%| F|  |TAMS 0x0000000711200000, 0x0000000711200000| Untracked 
| 114|0x0000000711400000, 0x0000000711400000, 0x0000000711600000|  0%| F|  |TAMS 0x0000000711400000, 0x0000000711400000| Untracked 
| 115|0x0000000711600000, 0x0000000711600000, 0x0000000711800000|  0%| F|  |TAMS 0x0000000711600000, 0x0000000711600000| Untracked 
| 116|0x0000000711800000, 0x0000000711800000, 0x0000000711a00000|  0%| F|  |TAMS 0x0000000711800000, 0x0000000711800000| Untracked 
| 117|0x0000000711a00000, 0x0000000711a00000, 0x0000000711c00000|  0%| F|  |TAMS 0x0000000711a00000, 0x0000000711a00000| Untracked 
| 118|0x0000000711c00000, 0x0000000711dc6180, 0x0000000711e00000| 88%| E|  |TAMS 0x0000000711c00000, 0x0000000711c00000| Complete 
| 119|0x0000000711e00000, 0x0000000712000000, 0x0000000712000000|100%| E|CS|TAMS 0x0000000711e00000, 0x0000000711e00000| Complete 
| 120|0x0000000712000000, 0x0000000712200000, 0x0000000712200000|100%| E|CS|TAMS 0x0000000712000000, 0x0000000712000000| Complete 
| 121|0x0000000712200000, 0x0000000712400000, 0x0000000712400000|100%| E|CS|TAMS 0x0000000712200000, 0x0000000712200000| Complete 
| 122|0x0000000712400000, 0x0000000712600000, 0x0000000712600000|100%| E|CS|TAMS 0x0000000712400000, 0x0000000712400000| Complete 
| 123|0x0000000712600000, 0x0000000712800000, 0x0000000712800000|100%| E|CS|TAMS 0x0000000712600000, 0x0000000712600000| Complete 
| 124|0x0000000712800000, 0x0000000712a00000, 0x0000000712a00000|100%| E|CS|TAMS 0x0000000712800000, 0x0000000712800000| Complete 
| 125|0x0000000712a00000, 0x0000000712c00000, 0x0000000712c00000|100%| E|  |TAMS 0x0000000712a00000, 0x0000000712a00000| Complete 
| 126|0x0000000712c00000, 0x0000000712e00000, 0x0000000712e00000|100%| E|CS|TAMS 0x0000000712c00000, 0x0000000712c00000| Complete 

Card table byte_map: [0x000001e5bd490000,0x000001e5bdc80000] _byte_map_base: 0x000001e5b9c78000

Marking Bits (Prev, Next): (CMBitMap*) 0x000001e5b1a8fda0, (CMBitMap*) 0x000001e5b1a8fde0
 Prev Bits: [0x000001e5be470000, 0x000001e5c23b0000)
 Next Bits: [0x000001e5c23b0000, 0x000001e5c62f0000)

Polling page: 0x000001e5af7f0000

Metaspace:

Usage:
  Non-class:      4.44 MB used.
      Class:    605.14 KB used.
       Both:      5.03 MB used.

Virtual space:
  Non-class space:       64.00 MB reserved,       4.50 MB (  7%) committed,  1 nodes.
      Class space:        1.00 GB reserved,     704.00 KB ( <1%) committed,  1 nodes.
             Both:        1.06 GB reserved,       5.19 MB ( <1%) committed. 

Chunk freelists:
   Non-Class:  2.69 MB
       Class:  3.20 MB
        Both:  5.89 MB

MaxMetaspaceSize: unlimited
CompressedClassSpaceSize: 1.00 GB
Initial GC threshold: 21.00 MB
Current GC threshold: 21.00 MB
CDS: on
MetaspaceReclaimPolicy: balanced
 - commit_granule_bytes: 65536.
 - commit_granule_words: 8192.
 - virtual_space_node_default_size: 8388608.
 - enlarge_chunks_in_place: 1.
 - new_chunks_are_fully_committed: 0.
 - uncommit_free_chunks: 1.
 - use_allocation_guard: 0.


Internal statistics:

num_allocs_failed_limit: 0.
num_arena_births: 124.
num_arena_deaths: 0.
num_vsnodes_births: 2.
num_vsnodes_deaths: 0.
num_space_committed: 83.
num_space_uncommitted: 0.
num_chunks_returned_to_freelist: 0.
num_chunks_taken_from_freelist: 154.
num_chunk_merges: 0.
num_chunk_splits: 100.
num_chunks_enlarged: 59.
num_inconsistent_stats: 0.

CodeCache: size=49152Kb used=4375Kb max_used=4375Kb free=44776Kb
 bounds [0x000001e5b9970000, 0x000001e5b9dc0000, 0x000001e5bc970000]
 total_blobs=1547 nmethods=1098 adapters=372
 compilation: enabled
              stopped_count=0, restarted_count=0
 full_count=0

Compilation events (20 events):
Event: 0.705 Thread 0x000001e5cd1e09c0 1089       1       java.lang.String::getChars (54 bytes)
Event: 0.705 Thread 0x000001e5cd1de430 1090       1       java.util.zip.ZipCoder$UTF8ZipCoder::toString (12 bytes)
Event: 0.705 Thread 0x000001e5cd87d910 1091       1       java.lang.System$2::newStringUTF8NoRepl (7 bytes)
Event: 0.705 Thread 0x000001e5c8f79590 1092       1       java.lang.String::newStringUTF8NoRepl (289 bytes)
Event: 0.705 Thread 0x000001e5cd87d910 nmethod 1091 0x000001e5b9db2610 code [0x000001e5b9db27a0, 0x000001e5b9db2888]
Event: 0.706 Thread 0x000001e5cd1de430 nmethod 1090 0x000001e5b9db2910 code [0x000001e5b9db2aa0, 0x000001e5b9db2b88]
Event: 0.706 Thread 0x000001e5cd1e09c0 nmethod 1089 0x000001e5b9db2c10 code [0x000001e5b9db2de0, 0x000001e5b9db3058]
Event: 0.707 Thread 0x000001e5c8f79590 nmethod 1092 0x000001e5b9db3210 code [0x000001e5b9db3460, 0x000001e5b9db40a8]
Event: 0.707 Thread 0x000001e5cd1e09c0 1093       1       java.util.ArrayDeque::add (7 bytes)
Event: 0.708 Thread 0x000001e5cd1e09c0 nmethod 1093 0x000001e5b9db4510 code [0x000001e5b9db46a0, 0x000001e5b9db4788]
Event: 0.708 Thread 0x000001e5cd1e09c0 1094       1       java.security.ProtectionDomain::getCodeSource (5 bytes)
Event: 0.708 Thread 0x000001e5cd1e09c0 nmethod 1094 0x000001e5b9db4810 code [0x000001e5b9db49a0, 0x000001e5b9db4a78]
Event: 0.709 Thread 0x000001e5cd1e09c0 1095       1       java.lang.Object::<init> (1 bytes)
Event: 0.709 Thread 0x000001e5cd1e09c0 nmethod 1095 0x000001e5b9db4b10 code [0x000001e5b9db4ca0, 0x000001e5b9db4d78]
Event: 0.711 Thread 0x000001e5c8f79590 1096       1       java.lang.ClassLoader::checkName (37 bytes)
Event: 0.711 Thread 0x000001e5c8f79590 nmethod 1096 0x000001e5b9db4e10 code [0x000001e5b9db4fe0, 0x000001e5b9db52d8]
Event: 0.711 Thread 0x000001e5c8f79590 1097       1       java.security.CodeSource::getLocationNoFragString (5 bytes)
Event: 0.711 Thread 0x000001e5c8f79590 nmethod 1097 0x000001e5b9db5510 code [0x000001e5b9db56a0, 0x000001e5b9db5778]
Event: 0.713 Thread 0x000001e5c8f79590 1098       1       sun.net.www.ParseUtil::firstEncodeIndex (86 bytes)
Event: 0.713 Thread 0x000001e5c8f79590 nmethod 1098 0x000001e5b9db5810 code [0x000001e5b9db59c0, 0x000001e5b9db5cc8]

GC Heap History (0 events):
No events

Dll operation events (13 events):
Event: 0.036 Loaded shared library C:\Users\ntesf\.jdks\bin\java.dll
Event: 0.049 Loaded shared library C:\Users\ntesf\.jdks\bin\jsvml.dll
Event: 0.203 Loaded shared library C:\Users\ntesf\.jdks\bin\zip.dll
Event: 0.207 Loaded shared library C:\Users\ntesf\.jdks\bin\instrument.dll
Event: 0.213 Loaded shared library C:\Users\ntesf\.jdks\bin\net.dll
Event: 0.215 Loaded shared library C:\Users\ntesf\.jdks\bin\nio.dll
Event: 0.218 Loaded shared library C:\Users\ntesf\.jdks\bin\zip.dll
Event: 0.334 Loaded shared library C:\Program Files\JetBrains\IntelliJ IDEA 2021.3.1\bin\breakgen64.dll
Event: 0.345 Loaded shared library C:\Users\ntesf\.jdks\bin\extnet.dll
Event: 0.350 Loaded shared library C:\Users\ntesf\.jdks\bin\jimage.dll
Event: 0.371 Loaded shared library C:\Users\ntesf\.jdks\bin\management.dll
Event: 0.388 Loaded shared library C:\Users\ntesf\.jdks\bin\management_ext.dll
Event: 0.697 Loaded shared library C:\Users\ntesf\.jssc\windows\jSSC-2.8_x86_64.dll

Deoptimization events (4 events):
Event: 0.511 Thread 0x000001e5b1a20b10 DEOPT PACKING pc=0x000001e5b9cb10d5 sp=0x0000006d511fd5d0
Event: 0.511 Thread 0x000001e5b1a20b10 DEOPT UNPACKING pc=0x000001e5b99d7543 sp=0x0000006d511fca80 mode 3
Event: 0.523 Thread 0x000001e5b1a20b10 DEOPT PACKING pc=0x000001e5b9d566d0 sp=0x0000006d511fd5a0
Event: 0.523 Thread 0x000001e5b1a20b10 DEOPT UNPACKING pc=0x000001e5b99d7543 sp=0x0000006d511fca58 mode 3

Classes loaded (20 events):
Event: 0.668 Loading class java/io/ClassCache$CacheRef
Event: 0.668 Loading class java/io/ClassCache$CacheRef done
Event: 0.669 Loading class java/io/ObjectStreamClass$FieldReflectorKey
Event: 0.669 Loading class java/io/ObjectStreamClass$FieldReflectorKey done
Event: 0.669 Loading class java/io/ObjectStreamClass$FieldReflector
Event: 0.669 Loading class java/io/ObjectStreamClass$FieldReflector done
Event: 0.670 Loading class java/io/ObjectStreamClass$ClassDataSlot
Event: 0.670 Loading class java/io/ObjectStreamClass$ClassDataSlot done
Event: 0.670 Loading class java/io/SerialCallbackContext
Event: 0.671 Loading class java/io/SerialCallbackContext done
Event: 0.672 Loading class sun/rmi/transport/ConnectionOutputStream
Event: 0.672 Loading class sun/rmi/server/MarshalOutputStream
Event: 0.672 Loading class sun/rmi/server/MarshalOutputStream done
Event: 0.672 Loading class sun/rmi/transport/ConnectionOutputStream done
Event: 0.672 Loading class jdk/internal/agent/ConnectorAddressLink
Event: 0.672 Loading class jdk/internal/agent/ConnectorAddressLink done
Event: 0.672 Loading class sun/management/counter/Units
Event: 0.673 Loading class sun/management/counter/Units done
Event: 0.673 Loading class jdk/internal/loader/URLClassPath$FileLoader$1
Event: 0.674 Loading class jdk/internal/loader/URLClassPath$FileLoader$1 done

Classes unloaded (0 events):
No events

Classes redefined (0 events):
No events

Internal exceptions (15 events):
Event: 0.297 Thread 0x000001e5b1a20b10 Exception <a 'java/lang/NoSuchMethodError'{0x000000071256cb80}: 'void java.lang.invoke.DirectMethodHandle$Holder.invokeStatic(java.lang.Object, java.lang.Object, java.lang.Object)'> (0x000000071256cb80) 
thrown [s\open\src\hotspot\share\interpreter\linkResolver.cpp, line 774]
Event: 0.302 Thread 0x000001e5b1a20b10 Exception <a 'java/lang/NoSuchMethodError'{0x0000000712585178}: 'java.lang.Object java.lang.invoke.Invokers$Holder.invokeExact_MT(java.lang.Object, java.lang.Object, java.lang.Object, java.lang.Object, java.lang.Object)'> (0x0000000712585178) 
thrown [s\open\src\hotspot\share\interpreter\linkResolver.cpp, line 774]
Event: 0.346 Thread 0x000001e5cd6f70b0 Exception <a 'java/lang/NoSuchMethodError'{0x00000007125b8880}: 'void java.lang.invoke.DirectMethodHandle$Holder.invokeStatic(java.lang.Object, java.lang.Object)'> (0x00000007125b8880) 
thrown [s\open\src\hotspot\share\interpreter\linkResolver.cpp, line 774]
Event: 0.369 Thread 0x000001e5b1a20b10 Exception <a 'java/lang/NoSuchMethodError'{0x0000000712204ab8}: 'java.lang.Object java.lang.invoke.DirectMethodHandle$Holder.invokeStaticInit(java.lang.Object)'> (0x0000000712204ab8) 
thrown [s\open\src\hotspot\share\interpreter\linkResolver.cpp, line 774]
Event: 0.392 Thread 0x000001e5b1a20b10 Exception <a 'java/lang/NoSuchMethodError'{0x000000071221ae10}: 'int java.lang.invoke.DirectMethodHandle$Holder.invokeInterface(java.lang.Object, java.lang.Object)'> (0x000000071221ae10) 
thrown [s\open\src\hotspot\share\interpreter\linkResolver.cpp, line 774]
Event: 0.392 Thread 0x000001e5b1a20b10 Exception <a 'java/lang/IncompatibleClassChangeError'{0x000000071221e410}: Found class java.lang.Object, but interface was expected> (0x000000071221e410) 
thrown [s\open\src\hotspot\share\interpreter\linkResolver.cpp, line 841]
Event: 0.441 Thread 0x000001e5b1a20b10 Exception <a 'java/lang/NoSuchMethodError'{0x00000007122ecc80}: 'int java.lang.invoke.DirectMethodHandle$Holder.invokeSpecial(java.lang.Object, java.lang.Object, java.lang.Object)'> (0x00000007122ecc80) 
thrown [s\open\src\hotspot\share\interpreter\linkResolver.cpp, line 774]
Event: 0.474 Thread 0x000001e5b1a20b10 Exception <a 'java/lang/NoSuchMethodError'{0x0000000712396cc0}: 'java.lang.Object java.lang.invoke.DirectMethodHandle$Holder.invokeStaticInit(java.lang.Object, java.lang.Object, java.lang.Object)'> (0x0000000712396cc0) 
thrown [s\open\src\hotspot\share\interpreter\linkResolver.cpp, line 774]
Event: 0.550 Thread 0x000001e5b1a20b10 Exception <a 'java/lang/NoSuchMethodError'{0x0000000711efaac8}: 'int java.lang.invoke.DirectMethodHandle$Holder.invokeSpecialIFC(java.lang.Object, java.lang.Object, java.lang.Object)'> (0x0000000711efaac8) 
thrown [s\open\src\hotspot\share\interpreter\linkResolver.cpp, line 774]
Event: 0.580 Thread 0x000001e5b1a20b10 Exception <a 'java/lang/NoSuchMethodError'{0x0000000711f70a48}: 'java.lang.Object java.lang.invoke.DirectMethodHandle$Holder.invokeStaticInit(java.lang.Object, int, int, int, int)'> (0x0000000711f70a48) 
thrown [s\open\src\hotspot\share\interpreter\linkResolver.cpp, line 774]
Event: 0.634 Thread 0x000001e5b1a20b10 Exception <a 'java/lang/NoSuchMethodError'{0x0000000711c47a38}: 'java.lang.Object java.lang.invoke.DirectMethodHandle$Holder.invokeStaticInit(java.lang.Object, java.lang.Object, int, int, int, int)'> (0x0000000711c47a38) 
thrown [s\open\src\hotspot\share\interpreter\linkResolver.cpp, line 774]
Event: 0.651 Thread 0x000001e5b1a20b10 Exception <a 'java/lang/ClassNotFoundException'{0x0000000711c67a60}: javax/management/remote/rmi/RMIServerImpl_Skel> (0x0000000711c67a60) 
thrown [s\open\src\hotspot\share\classfile\systemDictionary.cpp, line 255]
Event: 0.666 Thread 0x000001e5b1a20b10 Exception <a 'java/lang/NoSuchMethodError'{0x0000000711c81c70}: 'long java.lang.invoke.DirectMethodHandle$Holder.invokeSpecial(java.lang.Object, java.lang.Object)'> (0x0000000711c81c70) 
thrown [s\open\src\hotspot\share\interpreter\linkResolver.cpp, line 774]
Event: 0.666 Thread 0x000001e5b1a20b10 Exception <a 'java/lang/NoSuchMethodError'{0x0000000711c855c8}: 'long java.lang.invoke.Invokers$Holder.invokeExact_MT(java.lang.Object, java.lang.Object)'> (0x0000000711c855c8) 
thrown [s\open\src\hotspot\share\interpreter\linkResolver.cpp, line 774]
Event: 0.671 Thread 0x000001e5b1a20b10 Exception <a 'java/lang/NoSuchMethodError'{0x0000000711c9e408}: 'void java.lang.invoke.DirectMethodHandle$Holder.invokeSpecial(java.lang.Object, java.lang.Object, java.lang.Object)'> (0x0000000711c9e408) 
thrown [s\open\src\hotspot\share\interpreter\linkResolver.cpp, line 774]

VM Operations (16 events):
Event: 0.192 Executing VM operation: HandshakeAllThreads
Event: 0.192 Executing VM operation: HandshakeAllThreads done
Event: 0.339 Executing VM operation: HandshakeAllThreads
Event: 0.339 Executing VM operation: HandshakeAllThreads done
Event: 0.397 Executing VM operation: HandshakeAllThreads
Event: 0.397 Executing VM operation: HandshakeAllThreads done
Event: 0.568 Executing VM operation: HandshakeAllThreads
Event: 0.568 Executing VM operation: HandshakeAllThreads done
Event: 0.649 Executing VM operation: HandshakeAllThreads
Event: 0.649 Executing VM operation: HandshakeAllThreads done
Event: 0.674 Executing VM operation: HandshakeAllThreads
Event: 0.674 Executing VM operation: HandshakeAllThreads done
Event: 0.708 Executing VM operation: HandshakeAllThreads
Event: 0.708 Executing VM operation: HandshakeAllThreads done
Event: 0.712 Executing VM operation: HandshakeAllThreads
Event: 0.712 Executing VM operation: HandshakeAllThreads done

Events (16 events):
Event: 0.050 Thread 0x000001e5b1a20b10 Thread added: 0x000001e5b1a20b10
Event: 0.067 Thread 0x000001e5c8f60f80 Thread added: 0x000001e5c8f60f80
Event: 0.067 Thread 0x000001e5c8f61ab0 Thread added: 0x000001e5c8f61ab0
Event: 0.067 Thread 0x000001e5c8f67290 Thread added: 0x000001e5c8f67290
Event: 0.068 Thread 0x000001e5c8f67e40 Thread added: 0x000001e5c8f67e40
Event: 0.068 Thread 0x000001e5c8f68770 Thread added: 0x000001e5c8f68770
Event: 0.068 Thread 0x000001e5c8f6b600 Thread added: 0x000001e5c8f6b600
Event: 0.068 Thread 0x000001e5c8f79590 Thread added: 0x000001e5c8f79590
Event: 0.068 Thread 0x000001e5c8f7b050 Thread added: 0x000001e5c8f7b050
Event: 0.184 Thread 0x000001e5c8f34ca0 Thread added: 0x000001e5c8f34ca0
Event: 0.192 Thread 0x000001e5cd1de430 Thread added: 0x000001e5cd1de430
Event: 0.193 Thread 0x000001e5cd1e09c0 Thread added: 0x000001e5cd1e09c0
Event: 0.335 Thread 0x000001e5cd6f70b0 Thread added: 0x000001e5cd6f70b0
Event: 0.336 Thread 0x000001e5cd6f75f0 Thread added: 0x000001e5cd6f75f0
Event: 0.514 Thread 0x000001e5cd87d910 Thread added: 0x000001e5cd87d910
Event: 0.660 Thread 0x000001e5cd8efdb0 Thread added: 0x000001e5cd8efdb0


Dynamic libraries:
0x00007ff71ff30000 - 0x00007ff71ff40000 	C:\Users\ntesf\.jdks\bin\java.exe
0x00007ff942a50000 - 0x00007ff942c48000 	C:\windows\SYSTEM32\ntdll.dll
0x00007ff941a30000 - 0x00007ff941aed000 	C:\windows\System32\KERNEL32.DLL
0x00007ff9404d0000 - 0x00007ff94079e000 	C:\windows\System32\KERNELBASE.dll
0x00007ff9407a0000 - 0x00007ff9408a0000 	C:\windows\System32\ucrtbase.dll
0x00007ff938620000 - 0x00007ff938638000 	C:\Users\ntesf\.jdks\bin\jli.dll
0x00007ff937be0000 - 0x00007ff937bfb000 	C:\Users\ntesf\.jdks\bin\VCRUNTIME140.dll
0x00007ff941000000 - 0x00007ff9410ae000 	C:\windows\System32\ADVAPI32.dll
0x00007ff941990000 - 0x00007ff941a2e000 	C:\windows\System32\msvcrt.dll
0x00007ff940e90000 - 0x00007ff940f2c000 	C:\windows\System32\sechost.dll
0x00007ff940cd0000 - 0x00007ff940df5000 	C:\windows\System32\RPCRT4.dll
0x00007ff940ab0000 - 0x00007ff940c50000 	C:\windows\System32\USER32.dll
0x00007ff924b80000 - 0x00007ff924e1a000 	C:\windows\WinSxS\amd64_microsoft.windows.common-controls_6595b64144ccf1df_6.0.19041.1110_none_60b5254171f9507e\COMCTL32.dll
0x00007ff9404a0000 - 0x00007ff9404c2000 	C:\windows\System32\win32u.dll
0x00007ff9412b0000 - 0x00007ff9412da000 	C:\windows\System32\GDI32.dll
0x00007ff940360000 - 0x00007ff94046b000 	C:\windows\System32\gdi32full.dll
0x00007ff9401c0000 - 0x00007ff94025d000 	C:\windows\System32\msvcp_win.dll
0x00007ff938cd0000 - 0x00007ff938cda000 	C:\windows\SYSTEM32\VERSION.dll
0x00007ff9417b0000 - 0x00007ff9417e0000 	C:\windows\System32\IMM32.DLL
0x00007ff939ed0000 - 0x00007ff939edc000 	C:\Users\ntesf\.jdks\bin\vcruntime140_1.dll
0x00007ff9047f0000 - 0x00007ff90487e000 	C:\Users\ntesf\.jdks\bin\msvcp140.dll
0x00007ff8e9030000 - 0x00007ff8e9cf0000 	C:\Users\ntesf\.jdks\bin\server\jvm.dll
0x00007ff927330000 - 0x00007ff927357000 	C:\windows\SYSTEM32\WINMM.dll
0x00007ff920b40000 - 0x00007ff920b49000 	C:\windows\SYSTEM32\WSOCK32.dll
0x00007ff9415b0000 - 0x00007ff94161b000 	C:\windows\System32\WS2_32.dll
0x00007ff93e9f0000 - 0x00007ff93ea02000 	C:\windows\SYSTEM32\kernel.appcore.dll
0x00007ff939780000 - 0x00007ff93978a000 	C:\Users\ntesf\.jdks\bin\jimage.dll
0x00007ff93df60000 - 0x00007ff93e144000 	C:\windows\SYSTEM32\DBGHELP.DLL
0x00007ff921940000 - 0x00007ff92196c000 	C:\windows\SYSTEM32\dbgcore.DLL
0x00007ff940260000 - 0x00007ff9402e2000 	C:\windows\System32\bcryptPrimitives.dll
0x00007ff937bd0000 - 0x00007ff937bde000 	C:\Users\ntesf\.jdks\bin\instrument.dll
0x00007ff9047c0000 - 0x00007ff9047e6000 	C:\Users\ntesf\.jdks\bin\java.dll
0x00007ff9046e0000 - 0x00007ff9047b7000 	C:\Users\ntesf\.jdks\bin\jsvml.dll
0x00007ff941af0000 - 0x00007ff942233000 	C:\windows\System32\SHELL32.dll
0x00007ff93e150000 - 0x00007ff93e8e5000 	C:\windows\SYSTEM32\windows.storage.dll
0x00007ff9426b0000 - 0x00007ff942a04000 	C:\windows\System32\combase.dll
0x00007ff93fbd0000 - 0x00007ff93fc00000 	C:\windows\SYSTEM32\Wldp.dll
0x00007ff9412e0000 - 0x00007ff94138d000 	C:\windows\System32\SHCORE.dll
0x00007ff941620000 - 0x00007ff941675000 	C:\windows\System32\shlwapi.dll
0x00007ff9400b0000 - 0x00007ff9400cf000 	C:\windows\SYSTEM32\profapi.dll
0x00007ff907440000 - 0x00007ff907458000 	C:\Users\ntesf\.jdks\bin\zip.dll
0x00007ff9046c0000 - 0x00007ff9046d3000 	C:\Users\ntesf\.jdks\bin\net.dll
0x00007ff92aaf0000 - 0x00007ff92abfa000 	C:\windows\SYSTEM32\WINHTTP.dll
0x00007ff93f930000 - 0x00007ff93f99a000 	C:\windows\system32\mswsock.dll
0x00007ff9046a0000 - 0x00007ff9046b6000 	C:\Users\ntesf\.jdks\bin\nio.dll
0x00007ff904680000 - 0x00007ff90469a000 	C:\Program Files\JetBrains\IntelliJ IDEA 2021.3.1\bin\breakgen64.dll
0x00007ff9071b0000 - 0x00007ff9071b8000 	C:\Users\ntesf\.jdks\bin\extnet.dll
0x00007ff93f610000 - 0x00007ff93f6da000 	C:\windows\SYSTEM32\DNSAPI.dll
0x00007ff93f5d0000 - 0x00007ff93f60b000 	C:\windows\SYSTEM32\IPHLPAPI.DLL
0x00007ff940fe0000 - 0x00007ff940fe8000 	C:\windows\System32\NSI.dll
0x00007ff9371b0000 - 0x00007ff9371ba000 	C:\Windows\System32\rasadhlp.dll
0x00007ff924830000 - 0x00007ff9248b0000 	C:\windows\System32\fwpuclnt.dll
0x00007ff940470000 - 0x00007ff940497000 	C:\windows\System32\bcrypt.dll
0x00007ff906b70000 - 0x00007ff906b7a000 	C:\Users\ntesf\.jdks\bin\management.dll
0x00007ff904670000 - 0x00007ff90467b000 	C:\Users\ntesf\.jdks\bin\management_ext.dll
0x00007ff940ff0000 - 0x00007ff940ff8000 	C:\windows\System32\PSAPI.DLL
0x00007ff93fb30000 - 0x00007ff93fb48000 	C:\windows\SYSTEM32\CRYPTSP.dll
0x00007ff93f240000 - 0x00007ff93f274000 	C:\windows\system32\rsaenh.dll
0x00007ff940070000 - 0x00007ff94009e000 	C:\windows\SYSTEM32\USERENV.dll
0x00007ff93fb20000 - 0x00007ff93fb2c000 	C:\windows\SYSTEM32\CRYPTBASE.dll
0x00007ff932b80000 - 0x00007ff932b97000 	C:\windows\SYSTEM32\dhcpcsvc6.DLL
0x00007ff9364a0000 - 0x00007ff9364bd000 	C:\windows\SYSTEM32\dhcpcsvc.DLL
0x00007ff918670000 - 0x00007ff918687000 	C:\windows\system32\napinsp.dll
0x00007ff918650000 - 0x00007ff91866b000 	C:\windows\system32\pnrpnsp.dll
0x00007ff93aa00000 - 0x00007ff93aa15000 	C:\windows\system32\wshbth.dll
0x00007ff93b680000 - 0x00007ff93b69d000 	C:\windows\system32\NLAapi.dll
0x00007ff918630000 - 0x00007ff918642000 	C:\windows\System32\winrnr.dll
0x0000000071100000 - 0x0000000071125000 	C:\Users\ntesf\.jssc\windows\jSSC-2.8_x86_64.dll

dbghelp: loaded successfully - version: 4.0.5 - missing functions: none
symbol engine: initialized successfully - sym options: 0x614 - pdb path: .;C:\Users\ntesf\.jdks\bin;C:\windows\SYSTEM32;C:\windows\WinSxS\amd64_microsoft.windows.common-controls_6595b64144ccf1df_6.0.19041.1110_none_60b5254171f9507e;C:\Users\ntesf\.jdks\bin\server;C:\Program Files\JetBrains\IntelliJ IDEA 2021.3.1\bin;C:\Users\ntesf\.jssc\windows

VM Arguments:
jvm_args: -XX:TieredStopAtLevel=1 -Xverify:none -Dspring.output.ansi.enabled=always -Dcom.sun.management.jmxremote -Dspring.jmx.enabled=true -Dspring.liveBeansView.mbeanDomain -Dspring.application.admin.enabled=true -javaagent:C:\Program Files\JetBrains\IntelliJ IDEA 2021.3.1\lib\idea_rt.jar=49155:C:\Program Files\JetBrains\IntelliJ IDEA 2021.3.1\bin -Dfile.encoding=UTF-8 
java_command: com.i4rt.temperaturecontrol.TemperatureControlApplication
java_class_path (initial): C:\Users\ntesf\OneDrive\Рабочий стол\TemperatureControl\target\classes;C:\Users\ntesf\.m2\repository\com\github\kochedykov\jlibmodbus\1.2.9.0\jlibmodbus-1.2.9.0.jar;C:\Users\ntesf\.m2\repository\com\github\purejavacomm\purejavacomm\1.0.2.RELEASE\purejavacomm-1.0.2.RELEASE.jar;C:\Users\ntesf\.m2\repository\net\java\dev\jna\jna\4.2.2\jna-4.2.2.jar;C:\Users\ntesf\.m2\repository\org\scream3r\jssc\2.8.0\jssc-2.8.0.jar;C:\Users\ntesf\.m2\repository\org\rxtx\rxtx\2.1.7\rxtx-2.1.7.jar;C:\Users\ntesf\.m2\repository\io\github\java-native\jssc\2.9.4\jssc-2.9.4.jar;C:\Users\ntesf\.m2\repository\org\scijava\native-lib-loader\2.3.6\native-lib-loader-2.3.6.jar;C:\Users\ntesf\.m2\repository\org\slf4j\slf4j-api\1.7.30\slf4j-api-1.7.30.jar;C:\Users\ntesf\OneDrive\Рабочий стол\TemperatureControl\jssc\jssc-2.9.4.jar;C:\Users\ntesf\OneDrive\Рабочий стол\TemperatureControl\jssc\native-lib-loader-2.3.6.jar;C:\Users\ntesf\OneDrive\Рабочий стол\TemperatureControl\jssc\slf4j-api-1.7.30.jar;C:\Users\ntesf\.m2\repository\org\slf4j\slf4j-jcl\1.7.3\slf4j-jcl-1.7.3.jar;C:\Users\ntesf\.m2\repository\org\slf4j\slf4j-api\1.7.3\slf4j-api-1.7.3.jar;C:\Users\ntesf\.m2\repository\commons-logging\commons-logging\1.1.1\commons-logging-1.1.1.jar;C:\Users\ntesf\.m2\repository\org\springframework\boot\spring-boot-starter-data-jpa\2.7.3\spring-boot-starter-data-jpa-2.7.3.jar;C:\Users\ntesf\.m2\repository\org\springframework\boot\spring-boot-starter-aop\2.7.3\spring-boot-starter-aop-2.7.3.jar;C:\Users\ntesf\.m2\repository\org\aspectj\aspectjweaver\1.9.7\aspectjweaver-1.9.7.jar;C:\Users\ntesf\.m2\repository\org\springframework\boot\spring-boot-starter-jdbc\2.7.3\spring-boot-starter-jdbc-2.7.3.jar;C:\Users\ntesf\.m2\repository\com\zaxxer\HikariCP\4.0.3\HikariCP-4.0.3.jar;C:\Users\ntesf\.m2\repository\org\springframework\spring-jdbc\5.3.22\spring-jdbc-5.3.22.jar;C:\Users\ntesf\.m2\repository\jakarta\transaction\jakarta.transaction-api\1.3.3\jakarta.transaction-api-1.3.3.jar;C:\Users\ntesf\.m2\repository\jakarta\persistence\jakarta.persistence-api\2.2.3\jakarta.persistence-api-2.2.3.jar;C:\Users\ntesf\.m2\repository\org\hibernate\hibernate-core\5.6.10.Final\hibernate-core-5.6.10.Final.jar;C:\Users\ntesf\.m2\repository\org\jboss\logging\jboss-logging\3.4.3.Final\jboss-logging-3.4.3.Final.jar;C:\Users\ntesf\.m2\repository\net\bytebuddy\byte-buddy\1.12.13\byte-buddy-1.12.13.jar;C:\Users\ntesf\.m2\repository\antlr\antlr\2.7.7\antlr-2.7.7.jar;C:\Users\ntesf\.m2\repository\org\jboss\jandex\2.4.2.Final\jandex-2.4.2.Final.jar;C:\Users\ntesf\.m2\repository\com\fasterxml\classmate\1.5.1\classmate-1.5.1.jar;C:\Users\ntesf\.m2\repository\org\hibernate\common\hibernate-commons-annotations\5.1.2.Final\hibernate-commons-annotations-5.1.2.Final.jar;C:\Users\ntesf\.m2\repository\org\glassfish\jaxb\jaxb-runtime\2.3.6\jaxb-runtime-2.3.6.jar;C:\Users\ntesf\.m2\repository\org\glassfish\jaxb\txw2\2.3.6\txw2-2.3.6.jar;C:\Users\ntesf\.m2\repository\com\sun\istack\istack-commons-runtime\3.0.12\istack-commons-runtime-3.0.12.jar;C:\Users\ntesf\.m2\repository\com\sun\activation\jakarta.activation\1.2.2\jakarta.activation-1.2.2.jar;C:\Users\ntesf\.m2\repository\org\springframework\data\spring-data-jpa\2.7.2\spring-data-jpa-2.7.2.jar;C:\Users\ntesf\.m2\repository\org\springframework\data\spring-data-commons\2.7.2\spring-data-commons-2.7.2.jar;C:\Users\ntesf\.m2\repository\org\springframework\spring-orm\5.3.22\spring-orm-5.3.22.jar;C:\Users\ntesf\.m2\repository\org\springframework\spring-tx\5.3.22\spring-tx-5.3.22.jar;C:\Users\ntesf\.m2\repository\org\slf4j\slf4j-api\1.7.36\slf4j-api-1.7.36.jar;C:\Users\ntesf\.m2\repository\org\springframework\spring-aspects\5.3.22\spring-aspects-5.3.22.jar;C:\Users\ntesf\.m2\repository\org\springframework\boot\spring-boot-starter-thymeleaf\2.7.3\spring-boot-starter-thymeleaf-2.7.3.jar;C:\Users\ntesf\.m2\repository\org\springframework\boot\spring-boot-starter\2.7.3\spring-boot-starter-2.7.3.jar;C:\Users\ntesf\.m2\repository\org\springframework\boot\spring-boot-starter-logging\2.7.3\spring-boot-starter-logging-2.7.3.jar;C:\Users\ntesf\.m2\repository\ch\qos\logback\logback-classic\1.2.11\logback-classic-1.2.11.jar;C:\Users\ntesf\.m2\repository\ch\qos\logback\logback-core\1.2.11\logback-core-1.2.11.jar;C:\Users\ntesf\.m2\repository\org\apache\logging\log4j\log4j-to-slf4j\2.17.2\log4j-to-slf4j-2.17.2.jar;C:\Users\ntesf\.m2\repository\org\apache\logging\log4j\log4j-api\2.17.2\log4j-api-2.17.2.jar;C:\Users\ntesf\.m2\repository\org\slf4j\jul-to-slf4j\1.7.36\jul-to-slf4j-1.7.36.jar;C:\Users\ntesf\.m2\repository\jakarta\annotation\jakarta.annotation-api\1.3.5\jakarta.annotation-api-1.3.5.jar;C:\Users\ntesf\.m2\repository\org\yaml\snakeyaml\1.30\snakeyaml-1.30.jar;C:\Users\ntesf\.m2\repository\org\thymeleaf\thymeleaf-spring5\3.0.15.RELEASE\thymeleaf-spring5-3.0.15.RELEASE.jar;C:\Users\ntesf\.m2\repository\org\thymeleaf\thymeleaf\3.0.15.RELEASE\thymeleaf-3.0.15.RELEASE.jar;C:\Users\ntesf\.m2\repository\org\attoparser\attoparser\2.0.5.RELEASE\attoparser-2.0.5.RELEASE.jar;C:\Users\ntesf\.m2\repository\org\unbescape\unbescape\1.1.6.RELEASE\unbescape-1.1.6.RELEASE.jar;C:\Users\ntesf\.m2\repository\org\thymeleaf\extras\thymeleaf-extras-java8time\3.0.4.RELEASE\thymeleaf-extras-java8time-3.0.4.RELEASE.jar;C:\Users\ntesf\.m2\repository\org\springframework\boot\spring-boot-starter-web\2.7.3\spring-boot-starter-web-2.7.3.jar;C:\Users\ntesf\.m2\repository\org\springframework\boot\spring-boot-starter-json\2.7.3\spring-boot-starter-json-2.7.3.jar;C:\Users\ntesf\.m2\repository\com\fasterxml\jackson\core\jackson-databind\2.13.3\jackson-databind-2.13.3.jar;C:\Users\ntesf\.m2\repository\com\fasterxml\jackson\core\jackson-annotations\2.13.3\jackson-annotations-2.13.3.jar;C:\Users\ntesf\.m2\repository\com\fasterxml\jackson\core\jackson-core\2.13.3\jackson-core-2.13.3.jar;C:\Users\ntesf\.m2\repository\com\fasterxml\jackson\datatype\jackson-datatype-jdk8\2.13.3\jackson-datatype-jdk8-2.13.3.jar;C:\Users\ntesf\.m2\repository\com\fasterxml\jackson\datatype\jackson-datatype-jsr310\2.13.3\jackson-datatype-jsr310-2.13.3.jar;C:\Users\ntesf\.m2\repository\com\fasterxml\jackson\module\jackson-module-parameter-names\2.13.3\jackson-module-parameter-names-2.13.3.jar;C:\Users\ntesf\.m2\repository\org\springframework\boot\spring-boot-starter-tomcat\2.7.3\spring-boot-starter-tomcat-2.7.3.jar;C:\Users\ntesf\.m2\repository\org\apache\tomcat\embed\tomcat-embed-core\9.0.65\tomcat-embed-core-9.0.65.jar;C:\Users\ntesf\.m2\repository\org\apache\tomcat\embed\tomcat-embed-el\9.0.65\tomcat-embed-el-9.0.65.jar;C:\Users\ntesf\.m2\repository\org\apache\tomcat\embed\tomcat-embed-websocket\9.0.65\tomcat-embed-websocket-9.0.65.jar;C:\Users\ntesf\.m2\repository\org\springframework\spring-web\5.3.22\spring-web-5.3.22.jar;C:\Users\ntesf\.m2\repository\org\springframework\spring-webmvc\5.3.22\spring-webmvc-5.3.22.jar;C:\Users\ntesf\.m2\repository\org\springframework\boot\spring-boot-devtools\2.7.3\spring-boot-devtools-2.7.3.jar;C:\Users\ntesf\.m2\repository\org\springframework\boot\spring-boot\2.7.3\spring-boot-2.7.3.jar;C:\Users\ntesf\.m2\repository\org\springframework\boot\spring-boot-autoconfigure\2.7.3\spring-boot-autoconfigure-2.7.3.jar;C:\Users\ntesf\.m2\repository\com\h2database\h2\2.1.214\h2-2.1.214.jar;C:\Users\ntesf\.m2\repository\org\postgresql\postgresql\42.3.6\postgresql-42.3.6.jar;C:\Users\ntesf\.m2\repository\org\checkerframework\checker-qual\3.5.0\checker-qual-3.5.0.jar;C:\Users\ntesf\.m2\repository\org\projectlombok\lombok\1.18.24\lombok-1.18.24.jar;C:\Users\ntesf\.m2\repository\jakarta\xml\bind\jakarta.xml.bind-api\2.3.3\jakarta.xml.bind-api-2.3.3.jar;C:\Users\ntesf\.m2\repository\jakarta\activation\jakarta.activation-api\1.2.2\jakarta.activation-api-1.2.2.jar;C:\Users\ntesf\.m2\repository\org\springframework\spring-core\5.3.22\spring-core-5.3.22.jar;C:\Users\ntesf\.m2\repository\org\springframework\spring-jcl\5.3.22\spring-jcl-5.3.22.jar;C:\Users\ntesf\.m2\repository\org\json\json\20160810\json-20160810.jar;C:\Users\ntesf\.m2\repository\org\springframework\spring-test\5.3.22\spring-test-5.3.22.jar;C:\Users\ntesf\.m2\repository\org\springframework\security\spring-security-core\5.7.3\spring-security-core-5.7.3.jar;C:\Users\ntesf\.m2\repository\org\springframework\security\spring-security-crypto\5.7.3\spring-security-crypto-5.7.3.jar;C:\Users\ntesf\.m2\repository\org\springframework\spring-aop\5.3.22\spring-aop-5.3.22.jar;C:\Users\ntesf\.m2\repository\org\springframework\spring-beans\5.3.22\spring-beans-5.3.22.jar;C:\Users\ntesf\.m2\repository\org\springframework\spring-context\5.3.22\spring-context-5.3.22.jar;C:\Users\ntesf\.m2\repository\org\springframework\spring-expression\5.3.22\spring-expression-5.3.22.jar;C:\Users\ntesf\.m2\repository\org\springframework\security\spring-security-web\5.7.3\spring-security-web-5.7.3.jar;C:\Users\ntesf\.m2\repository\org\springframework\security\spring-security-config\5.7.3\spring-security-config-5.7.3.jar;C:\Users\ntesf\.m2\repository\org\apache\httpcomponents\httpcore\4.4.15\httpcore-4.4.15.jar;C:\Users\ntesf\.m2\repository\org\apache\httpcomponents\httpclient\4.5.13\httpclient-4.5.13.jar;C:\Users\ntesf\.m2\repository\commons-codec\commons-codec\1.15\commons-codec-1.15.jar;C:\Users\ntesf\.m2\repository\com\google\api\gax\1.57.0\gax-1.57.0.jar;C:\Users\ntesf\.m2\repository\com\google\guava\guava\28.2-android\guava-28.2-android.jar;C:\Users\ntesf\.m2\repository\com\google\guava\failureaccess\1.0.1\failureaccess-1.0.1.jar;C:\Users\ntesf\.m2\repository\com\google\guava\listenablefuture\9999.0-empty-to-avoid-conflict-with-guava\listenablefuture-9999.0-empty-to-avoid-conflict-with-guava.jar;C:\Users\ntesf\.m2\repository\org\checkerframework\checker-compat-qual\2.5.5\checker-compat-qual-2.5.5.jar;C:\Users\ntesf\.m2\repository\com\google\errorprone\error_prone_annotations\2.3.4\error_prone_annotations-2.3.4.jar;C:\Users\ntesf\.m2\repository\com\google\j2objc\j2objc-annotations\1.3\j2objc-annotations-1.3.jar;C:\Users\ntesf\.m2\repository\com\google\code\findbugs\jsr305\3.0.2\jsr305-3.0.2.jar;C:\Users\ntesf\.m2\repository\org\threeten\threetenbp\1.4.1\threetenbp-1.4.1.jar;C:\Users\ntesf\.m2\repository\com\google\auth\google-auth-library-oauth2-http\0.20.0\google-auth-library-oauth2-http-0.20.0.jar;C:\Users\ntesf\.m2\repository\com\google\auto\value\auto-value-annotations\1.7\auto-value-annotations-1.7.jar;C:\Users\ntesf\.m2\repository\com\google\auth\google-auth-library-credentials\0.20.0\google-auth-library-credentials-0.20.0.jar;C:\Users\ntesf\.m2\repository\com\google\http-client\google-http-client\1.34.0\google-http-client-1.34.0.jar;C:\Users\ntesf\.m2\repository\io\opencensus\opencensus-contrib-http-util\0.24.0\opencensus-contrib-http-util-0.24.0.jar;C:\Users\ntesf\.m2\repository\com\google\http-client\google-http-client-jackson2\1.34.0\google-http-client-jackson2-1.34.0.jar;C:\Users\ntesf\.m2\repository\com\google\api\api-common\1.9.2\api-common-1.9.2.jar;C:\Users\ntesf\.m2\repository\javax\annotation\javax.annotation-api\1.3.2\javax.annotation-api-1.3.2.jar;C:\Users\ntesf\.m2\repository\io\opencensus\opencensus-api\0.24.0\opencensus-api-0.24.0.jar;C:\Users\ntesf\.m2\repository\io\grpc\grpc-context\1.22.1\grpc-context-1.22.1.jar
Launcher Type: SUN_STANDARD

[Global flags]
     intx CICompilerCount                          = 4                                         {product} {ergonomic}
     uint ConcGCThreads                            = 3                                         {product} {ergonomic}
     uint G1ConcRefinementThreads                  = 10                                        {product} {ergonomic}
   size_t G1HeapRegionSize                         = 2097152                                   {product} {ergonomic}
    uintx GCDrainStackTargetSize                   = 64                                        {product} {ergonomic}
   size_t InitialHeapSize                          = 266338304                                 {product} {ergonomic}
     bool ManagementServer                         = true                                      {product} {command line}
   size_t MarkStackSize                            = 4194304                                   {product} {ergonomic}
   size_t MaxHeapSize                              = 4244635648                                {product} {ergonomic}
   size_t MaxNewSize                               = 2545942528                                {product} {ergonomic}
   size_t MinHeapDeltaBytes                        = 2097152                                   {product} {ergonomic}
   size_t MinHeapSize                              = 8388608                                   {product} {ergonomic}
    uintx NonProfiledCodeHeapSize                  = 0                                      {pd product} {ergonomic}
     bool ProfileInterpreter                       = false                                  {pd product} {command line}
    uintx ProfiledCodeHeapSize                     = 0                                      {pd product} {ergonomic}
   size_t SoftMaxHeapSize                          = 4244635648                             {manageable} {ergonomic}
     intx TieredStopAtLevel                        = 1                                         {product} {command line}
     bool UseCompressedClassPointers               = true                           {product lp64_product} {ergonomic}
     bool UseCompressedOops                        = true                           {product lp64_product} {ergonomic}
     bool UseG1GC                                  = true                                      {product} {ergonomic}
     bool UseLargePagesIndividualAllocation        = false                                  {pd product} {ergonomic}

Logging:
Log output configuration:
 #0: stdout all=warning uptime,level,tags foldmultilines=false
 #1: stderr all=off uptime,level,tags foldmultilines=false

Environment Variables:
JAVA_HOME=C:\Users\ntesf\.jdks\
PATH=C:\windows\system32;C:\windows;C:\windows\System32\Wbem;C:\windows\System32\WindowsPowerShell\v1.0\;C:\windows\System32\OpenSSH\;C:\Program Files (x86)\NVIDIA Corporation\PhysX\Common;C:\Program Files\NVIDIA Corporation\NVIDIA NvDLISR;C:\Program Files\Git\cmd;C:\Program Files\CMake\bin;C:\opencv\x64\vc16\bin;C:\ProgramData\chocolatey\lib\tinyxml2\lib;C:\ProgramData\chocolatey\lib\log4cxx\lib;C:\Users\ntesf\flutter_windows_2.10.0-stable\flutter\bin;C:\vcpkg\vcpkg-master\installed\x64-windows\bin;C:\dev\apache-maven-3.8.5\bin;C:\Users\ntesf\.jdks\bin;C:\Program Files\nodejs\;C:\Users\ntesf\AppData\Local\Programs\Python\Python310\Scripts\;C:\Users\ntesf\AppData\Local\Programs\Python\Python310\;C:\Users\ntesf\AppData\Local\Microsoft\WindowsApps;C:\Program Files\JetBrains\IntelliJ IDEA 2021.3.1\bin;;C:\Users\ntesf\AppData\Local\GitHubDesktop\bin;C:\Users\ntesf\AppData\Local\Programs\Microsoft VS Code\bin;C:\Program Files\JetBrains\PhpStorm 2021.3.2\bin;;C:\dev\apache-maven-3.8.5\bin;C:\Users\ntesf\AppData\Roaming\npm
USERNAME=ntesf
OS=Windows_NT
PROCESSOR_IDENTIFIER=Intel64 Family 6 Model 165 Stepping 2, GenuineIntel
TMP=C:\Users\ntesf\AppData\Local\Temp
TEMP=C:\Users\ntesf\AppData\Local\Temp



---------------  S Y S T E M  ---------------

OS:
 Windows 10 , 64 bit Build 19041 (10.0.19041.1889)
OS uptime: 0 days 0:02 hours

CPU: total 12 (initial active 12) (6 cores per cpu, 2 threads per core) family 6 model 165 stepping 2 microcode 0xf0, cx8, cmov, fxsr, ht, mmx, 3dnowpref, sse, sse2, sse3, ssse3, sse4.1, sse4.2, popcnt, lzcnt, tsc, tscinvbit, avx, avx2, aes, erms, clmul, bmi1, bmi2, adx, fma, vzeroupper, clflush, clflushopt, rdtscp

Memory: 4k page, system-wide physical 16185M (4544M free)
TotalPageFile size 34617M (AvailPageFile size 20002M)
current process WorkingSet (physical memory assigned to process): 59M, peak: 59M
current process commit charge ("private bytes"): 355M, peak: 355M

vm_info: Java HotSpot(TM) 64-Bit Server VM (19+36-2238) for windows-amd64 JRE (19+36-2238), built on 2022-08-12T20:29:01Z by "mach5one" with MS VC++ 17.1 (VS2022)

END.
