#
# A fatal error has been detected by the Java Runtime Environment:
#
#  EXCEPTION_ACCESS_VIOLATION (0xc0000005) at pc=0x000000007110b5db, pid=4828, tid=26132
#
# JRE version: Java(TM) SE Runtime Environment (19.0+36) (build 19+36-2238)
# Java VM: Java HotSpot(TM) 64-Bit Server VM (19+36-2238, mixed mode, emulated-client, sharing, tiered, compressed oops, compressed class ptrs, g1 gc, windows-amd64)
# Problematic frame:
# C  [jSSC-2.8_x86_64.dll+0xb5db]
#
# No core dump will be written. Minidumps are not enabled by default on client versions of Windows
#
# If you would like to submit a bug report, please visit:
#   https://bugreport.java.com/bugreport/crash.jsp
# The crash happened outside the Java Virtual Machine in native code.
# See problematic frame for where to report the bug.
#

---------------  S U M M A R Y ------------

Command Line: -Djava.library.path=C:\Users\ntesf\OneDrive\Рабочий стол\TemperatureControl -XX:TieredStopAtLevel=1 -Xverify:none -Dspring.output.ansi.enabled=always -Dcom.sun.management.jmxremote -Dspring.jmx.enabled=true -Dspring.liveBeansView.mbeanDomain -Dspring.application.admin.enabled=true -javaagent:C:\Program Files\JetBrains\IntelliJ IDEA 2021.3.1\lib\idea_rt.jar=63902:C:\Program Files\JetBrains\IntelliJ IDEA 2021.3.1\bin -Dfile.encoding=UTF-8 com.i4rt.temperaturecontrol.TemperatureControlApplication

Host: Intel(R) Core(TM) i7-10750H CPU @ 2.60GHz, 12 cores, 15G,  Windows 10 , 64 bit Build 19041 (10.0.19041.1889)
Time: Thu Oct  6 09:55:01 2022 RTZ 6 (s 10 , 64 bit Build 19041 (10.0.19041.1889) elapsed time: 0.688644 seconds (0d 0h 0m 0s)

---------------  T H R E A D  ---------------

Current thread (0x00000210ff9d00b0):  JavaThread "main" [_thread_in_native, id=26132, stack(0x000000e7e6800000,0x000000e7e6900000)]

Stack: [0x000000e7e6800000,0x000000e7e6900000],  sp=0x000000e7e68fedc0,  free space=1019k
Native frames: (J=compiled Java code, j=interpreted, Vv=VM code, C=native code)
C  [jSSC-2.8_x86_64.dll+0xb5db]

Java frames: (J=compiled Java code, j=interpreted, Vv=VM code)
j  jssc.SerialNativeInterface.openPort(Ljava/lang/String;Z)J+0
j  jssc.SerialPort.openPort()Z+65
j  com.intelligt.modbus.jlibmodbus.serial.SerialPortJSSC.open()V+4
j  com.intelligt.modbus.jlibmodbus.net.ModbusConnectionSerial.open()V+11
j  com.intelligt.modbus.jlibmodbus.ModbusMaster.connectImpl()V+4
j  com.intelligt.modbus.jlibmodbus.ModbusMaster.connect()V+8
j  com.i4rt.temperaturecontrol.TemperatureControlApplication.main([Ljava/lang/String;)V+60
v  ~StubRoutines::call_stub 0x0000021087e9100e

siginfo: EXCEPTION_ACCESS_VIOLATION (0xc0000005), reading address 0xfffffffffd9e1e90


Registers:
RAX=0xfffffffffd9e1e90, RBX=0x000000e7e68fee30, RCX=0x00007ffadb44d1e4, RDX=0x0000000000000000
RSP=0x000000e7e68fedc0, RBP=0x000000e7e68fef40, RSI=0x00000210ff9d0390, RDI=0x000000000000073c
R8 =0x000000e7e68fecb8, R9 =0x000000e7e68fedb0, R10=0x0000000000000000, R11=0x0000000000000246
R12=0x000000e7e68ff000, R13=0x000002109bb98b20, R14=0x000000e7e68feef0, R15=0x00000210ff9d00b0
RIP=0x000000007110b5db, EFLAGS=0x0000000000010202


Register to memory mapping:

RIP=0x000000007110b5db jSSC-2.8_x86_64.dll
RAX=0xfffffffffd9e1e90 is an unknown value
RBX=0x000000e7e68fee30 is pointing into the stack for thread: 0x00000210ff9d00b0
RCX=0x00007ffadb44d1e4 ntdll.dll
RDX=0x0 is NULL
RSP=0x000000e7e68fedc0 is pointing into the stack for thread: 0x00000210ff9d00b0
RBP=0x000000e7e68fef40 is pointing into the stack for thread: 0x00000210ff9d00b0
RSI=0x00000210ff9d0390 points into unknown readable memory: 0x00007ffa6464f9a0 | a0 f9 64 64 fa 7f 00 00
RDI=0x000000000000073c is an unknown value
R8 =0x000000e7e68fecb8 is pointing into the stack for thread: 0x00000210ff9d00b0
R9 =0x000000e7e68fedb0 is pointing into the stack for thread: 0x00000210ff9d00b0
R10=0x0 is NULL
R11=0x0000000000000246 is an unknown value
R12=0x000000e7e68ff000 is pointing into the stack for thread: 0x00000210ff9d00b0
R13=0x000002109bb98b20 points into unknown readable memory: 0x00000032314d4f43 | 43 4f 4d 31 32 00 00 00
R14=0x000000e7e68feef0 is pointing into the stack for thread: 0x00000210ff9d00b0
R15=0x00000210ff9d00b0 is a thread


Top of Stack: (sp=0x000000e7e68fedc0)
0x000000e7e68fedc0:   000002109bcc64a0 00007ffadb3d47b1
0x000000e7e68fedd0:   000000007110b230 00000210fd780000
0x000000e7e68fede0:   00000210ff9d00b0 0000000000000004
0x000000e7e68fedf0:   00000210ff9d0390 000000000000073c
0x000000e7e68fee00:   000000e7e68fef40 0000000071112590
0x000000e7e68fee10:   000000e7e68fee70 00000210fd780000
0x000000e7e68fee20:   000000e7e68fef40 0000000000000000
0x000000e7e68fee30:   0000000000000000 00007ffad90c9cfc
0x000000e7e68fee40:   000000000000073c 00007ffad8d5f05b
0x000000e7e68fee50:   000002109bb98b20 00000210ff9d0390
0x000000e7e68fee60:   0000000071113500 0000000071113be8
0x000000e7e68fee70:   000000e7e68feea0 0000000071112641
0x000000e7e68fee80:   000000e7e68fee10 0000000000000000
0x000000e7e68fee90:   0000000000000000 0000000000000000
0x000000e7e68feea0:   000000e7e68fef40 0000000071101595
0x000000e7e68feeb0:   000000000000001c 00000210ff9d0390 

Instructions: (pc=0x000000007110b5db)
0x000000007110b4db:   48 85 c0 74 bf 44 8b 03 45 85 c0 0f 84 77 ff ff
0x000000007110b4eb:   ff eb 9f 66 90 e8 8b fe ff ff 48 89 05 0c 34 01
0x000000007110b4fb:   00 eb ad 66 90 e8 7b fe ff ff 48 89 05 fc 33 01
0x000000007110b50b:   00 eb 8b e8 8d fe ff ff c7 03 01 00 00 00 e9 6f
0x000000007110b51b:   ff ff ff 66 90 55 48 89 e5 56 53 48 83 ec 20 48
0x000000007110b52b:   8b 05 d7 33 01 00 48 8b 31 48 89 cb 48 85 c0 74
0x000000007110b53b:   56 44 8b 18 45 85 db 78 42 48 8b 05 bd 33 01 00
0x000000007110b54b:   48 85 c0 74 50 44 8b 10 45 85 d2 74 1d 48 89 f1
0x000000007110b55b:   e8 d0 fd ff ff 48 8b 13 48 8d 42 40 48 8b 48 08
0x000000007110b56b:   48 8b 6a 40 48 8b 60 10 ff e1 48 8b 05 9c 33 01
0x000000007110b57b:   00 48 85 c0 74 2d 48 89 30 eb da e8 b5 fe ff ff
0x000000007110b58b:   0f 1f 44 00 00 eb b2 e8 e9 fd ff ff 48 89 05 6a
0x000000007110b59b:   33 01 00 eb 9c e8 db fd ff ff 48 89 05 5c 33 01
0x000000007110b5ab:   00 eb a2 e8 3d fd ff ff 48 89 05 5e 33 01 00 eb
0x000000007110b5bb:   c5 0f 1f 40 00 55 57 56 53 48 83 ec 28 48 8b 05
0x000000007110b5cb:   39 33 01 00 48 89 cb 48 85 c0 0f 84 c5 00 00 00
0x000000007110b5db:   8b 38 85 ff 0f 88 ab 00 00 00 48 8b 05 1c 33 01
0x000000007110b5eb:   00 48 85 c0 0f 84 bc 00 00 00 8b 30 85 f6 74 57
0x000000007110b5fb:   48 8b 05 0e 33 01 00 48 85 c0 0f 84 e5 00 00 00
0x000000007110b60b:   8b 28 48 8b 35 10 5e 01 00 ff d6 89 c7 89 e9 ff
0x000000007110b61b:   15 f4 5e 01 00 89 f9 48 89 c5 ff 15 b9 5e 01 00
0x000000007110b62b:   48 8b 05 de 32 01 00 48 89 2b 48 85 c0 74 46 48
0x000000007110b63b:   89 da 8b 08 ff 15 d7 5e 01 00 85 c0 74 27 48 83
0x000000007110b64b:   c4 28 5b 5e 5f 5d c3 48 8b 05 bf 32 01 00 48 85
0x000000007110b65b:   c0 74 64 48 8b 10 48 89 13 48 89 18 48 83 c4 28
0x000000007110b66b:   5b 5e 5f 5d c3 48 89 f2 48 83 c4 28 5b 5e 5f 5d
0x000000007110b67b:   48 ff e2 66 90 e8 8b fc ff ff 48 89 05 84 32 01
0x000000007110b68b:   00 eb ac 66 90 e8 ab fd ff ff e9 4b ff ff ff 66
0x000000007110b69b:   0f 1f 44 00 00 e8 db fc ff ff 48 89 05 5c 32 01
0x000000007110b6ab:   00 e9 2a ff ff ff e8 ca fc ff ff 48 89 05 4b 32
0x000000007110b6bb:   01 00 e9 33 ff ff ff e8 29 fc ff ff 48 89 05 4a
0x000000007110b6cb:   32 01 00 48 8b 10 48 85 c0 48 89 13 75 8b e8 12 


Stack slot to memory mapping:
stack at sp + 0 slots: 0x000002109bcc64a0 points into unknown readable memory: 0x005c002e005c005c | 5c 00 5c 00 2e 00 5c 00
stack at sp + 1 slots: 0x00007ffadb3d47b1 ntdll.dll
stack at sp + 2 slots: 0x000000007110b230 jSSC-2.8_x86_64.dll
stack at sp + 3 slots: 0x00000210fd780000 points into unknown readable memory: 0x0000000000000000 | 00 00 00 00 00 00 00 00
stack at sp + 4 slots: 0x00000210ff9d00b0 is a thread
stack at sp + 5 slots: 0x0000000000000004 is an unknown value
stack at sp + 6 slots: 0x00000210ff9d0390 points into unknown readable memory: 0x00007ffa6464f9a0 | a0 f9 64 64 fa 7f 00 00
stack at sp + 7 slots: 0x000000000000073c is an unknown value


---------------  P R O C E S S  ---------------

Threads class SMR info:
_java_thread_list=0x000002109bb84690, length=16, elements={
0x00000210ff9d00b0, 0x0000021097031de0, 0x0000021097032910, 0x00000210970362b0,
0x000002109703bed0, 0x000002109703c800, 0x0000021097039ff0, 0x0000021097064270,
0x000002109706d820, 0x000002109b4d9200, 0x000002109b4e3b20, 0x000002109b4e5c80,
0x000002109b4e56f0, 0x000002109b9f22c0, 0x000002109b9f2800, 0x000002109bcac010
}

Java Threads: ( => current thread )
=>0x00000210ff9d00b0 JavaThread "main" [_thread_in_native, id=26132, stack(0x000000e7e6800000,0x000000e7e6900000)]
  0x0000021097031de0 JavaThread "Reference Handler" daemon [_thread_blocked, id=22800, stack(0x000000e7e6f00000,0x000000e7e7000000)]
  0x0000021097032910 JavaThread "Finalizer" daemon [_thread_blocked, id=29608, stack(0x000000e7e7000000,0x000000e7e7100000)]
  0x00000210970362b0 JavaThread "Signal Dispatcher" daemon [_thread_blocked, id=29784, stack(0x000000e7e7100000,0x000000e7e7200000)]
  0x000002109703bed0 JavaThread "Attach Listener" daemon [_thread_blocked, id=25436, stack(0x000000e7e7200000,0x000000e7e7300000)]
  0x000002109703c800 JavaThread "Service Thread" daemon [_thread_blocked, id=9012, stack(0x000000e7e7300000,0x000000e7e7400000)]
  0x0000021097039ff0 JavaThread "Monitor Deflation Thread" daemon [_thread_blocked, id=34312, stack(0x000000e7e7400000,0x000000e7e7500000)]
  0x0000021097064270 JavaThread "C1 CompilerThread0" daemon [_thread_blocked, id=4256, stack(0x000000e7e7500000,0x000000e7e7600000)]
  0x000002109706d820 JavaThread "Sweeper thread" daemon [_thread_blocked, id=14468, stack(0x000000e7e7600000,0x000000e7e7700000)]
  0x000002109b4d9200 JavaThread "Common-Cleaner" daemon [_thread_blocked, id=23328, stack(0x000000e7e7700000,0x000000e7e7800000)]
  0x000002109b4e3b20 JavaThread "C1 CompilerThread1" daemon [_thread_blocked, id=25012, stack(0x000000e7e7800000,0x000000e7e7900000)]
  0x000002109b4e5c80 JavaThread "C1 CompilerThread2" daemon [_thread_blocked, id=23036, stack(0x000000e7e7900000,0x000000e7e7a00000)]
  0x000002109b4e56f0 JavaThread "C1 CompilerThread3" daemon [_thread_blocked, id=15052, stack(0x000000e7e7a00000,0x000000e7e7b00000)]
  0x000002109b9f22c0 JavaThread "Monitor Ctrl-Break" daemon [_thread_in_native, id=31812, stack(0x000000e7e7b00000,0x000000e7e7c00000)]
  0x000002109b9f2800 JavaThread "Notification Thread" daemon [_thread_blocked, id=20192, stack(0x000000e7e7c00000,0x000000e7e7d00000)]
  0x000002109bcac010 JavaThread "RMI TCP Accept-0" daemon [_thread_in_native, id=5456, stack(0x000000e7e7d00000,0x000000e7e7e00000)]

Other Threads:
  0x0000021097017b30 VMThread "VM Thread" [stack: 0x000000e7e6e00000,0x000000e7e6f00000] [id=31588]
  0x000002109bba2010 WatcherThread "VM Periodic Task Thread" [stack: 0x000000e7e7e00000,0x000000e7e7f00000] [id=2768]
  0x00000210ffa3ebe0 WorkerThread "GC Thread#0" [stack: 0x000000e7e6900000,0x000000e7e6a00000] [id=16720]
  0x00000210ffa51a00 ConcurrentGCThread "G1 Main Marker" [stack: 0x000000e7e6a00000,0x000000e7e6b00000] [id=34800]
  0x00000210ffa52bd0 WorkerThread "G1 Conc#0" [stack: 0x000000e7e6b00000,0x000000e7e6c00000] [id=12480]
  0x0000021096ed01a0 ConcurrentGCThread "G1 Refine#0" [stack: 0x000000e7e6c00000,0x000000e7e6d00000] [id=23348]
  0x0000021096ed1aa0 ConcurrentGCThread "G1 Service" [stack: 0x000000e7e6d00000,0x000000e7e6e00000] [id=13740]

Threads with active compile tasks:

VM state: not at safepoint (normal execution)

VM Mutex/Monitor currently owned by a thread: None

Heap address: 0x0000000703000000, size: 4048 MB, Compressed Oops mode: Zero based, Oop shift amount: 3

CDS archive(s) mapped at: [0x0000000800000000-0x0000000800c40000-0x0000000800c40000), size 12845056, SharedBaseAddress: 0x0000000800000000, ArchiveRelocationMode: 0.
Compressed class space mapped at: 0x0000000801000000-0x0000000841000000, reserved size: 1073741824
Narrow klass base: 0x0000000800000000, Narrow klass shift: 0, Narrow klass range: 0x100000000

GC Precious Log:
 CardTable entry size: 512
 Card Set container configuration: InlinePtr #cards 4 size 8 Array Of Cards #cards 8 size 32 Howl #buckets 8 coarsen threshold 3686 Howl Bitmap #cards 512 size 80 coarsen threshold 460 Card regions per heap region 1 cards per card region 4096
 CPUs: 12 total, 12 available
 Memory: 16185M
 Large Page Support: Disabled
 NUMA Support: Disabled
 Compressed Oops: Enabled (Zero based)
 Heap Region Size: 2M
 Heap Min Capacity: 8M
 Heap Initial Capacity: 254M
 Heap Max Capacity: 4048M
 Pre-touch: Disabled
 Parallel Workers: 10
 Concurrent Workers: 3
 Concurrent Refinement Workers: 10
 Periodic GC: Disabled

Heap:
 garbage-first heap   total 260096K, used 16384K [0x0000000703000000, 0x0000000800000000)
  region size 2048K, 9 young (18432K), 0 survivors (0K)
 Metaspace       used 5151K, committed 5312K, reserved 1114112K
  class space    used 603K, committed 704K, reserved 1048576K

Heap Regions: E=young(eden), S=young(survivor), O=old, HS=humongous(starts), HC=humongous(continues), CS=collection set, F=free, OA=open archive, CA=closed archive, TAMS=top-at-mark-start (previous, next)
|   0|0x0000000703000000, 0x0000000703000000, 0x0000000703200000|  0%| F|  |TAMS 0x0000000703000000, 0x0000000703000000| Untracked 
|   1|0x0000000703200000, 0x0000000703200000, 0x0000000703400000|  0%| F|  |TAMS 0x0000000703200000, 0x0000000703200000| Untracked 
|   2|0x0000000703400000, 0x0000000703400000, 0x0000000703600000|  0%| F|  |TAMS 0x0000000703400000, 0x0000000703400000| Untracked 
|   3|0x0000000703600000, 0x0000000703600000, 0x0000000703800000|  0%| F|  |TAMS 0x0000000703600000, 0x0000000703600000| Untracked 
|   4|0x0000000703800000, 0x0000000703800000, 0x0000000703a00000|  0%| F|  |TAMS 0x0000000703800000, 0x0000000703800000| Untracked 
|   5|0x0000000703a00000, 0x0000000703a00000, 0x0000000703c00000|  0%| F|  |TAMS 0x0000000703a00000, 0x0000000703a00000| Untracked 
|   6|0x0000000703c00000, 0x0000000703c00000, 0x0000000703e00000|  0%| F|  |TAMS 0x0000000703c00000, 0x0000000703c00000| Untracked 
|   7|0x0000000703e00000, 0x0000000703e00000, 0x0000000704000000|  0%| F|  |TAMS 0x0000000703e00000, 0x0000000703e00000| Untracked 
|   8|0x0000000704000000, 0x0000000704000000, 0x0000000704200000|  0%| F|  |TAMS 0x0000000704000000, 0x0000000704000000| Untracked 
|   9|0x0000000704200000, 0x0000000704200000, 0x0000000704400000|  0%| F|  |TAMS 0x0000000704200000, 0x0000000704200000| Untracked 
|  10|0x0000000704400000, 0x0000000704400000, 0x0000000704600000|  0%| F|  |TAMS 0x0000000704400000, 0x0000000704400000| Untracked 
|  11|0x0000000704600000, 0x0000000704600000, 0x0000000704800000|  0%| F|  |TAMS 0x0000000704600000, 0x0000000704600000| Untracked 
|  12|0x0000000704800000, 0x0000000704800000, 0x0000000704a00000|  0%| F|  |TAMS 0x0000000704800000, 0x0000000704800000| Untracked 
|  13|0x0000000704a00000, 0x0000000704a00000, 0x0000000704c00000|  0%| F|  |TAMS 0x0000000704a00000, 0x0000000704a00000| Untracked 
|  14|0x0000000704c00000, 0x0000000704c00000, 0x0000000704e00000|  0%| F|  |TAMS 0x0000000704c00000, 0x0000000704c00000| Untracked 
|  15|0x0000000704e00000, 0x0000000704e00000, 0x0000000705000000|  0%| F|  |TAMS 0x0000000704e00000, 0x0000000704e00000| Untracked 
|  16|0x0000000705000000, 0x0000000705000000, 0x0000000705200000|  0%| F|  |TAMS 0x0000000705000000, 0x0000000705000000| Untracked 
|  17|0x0000000705200000, 0x0000000705200000, 0x0000000705400000|  0%| F|  |TAMS 0x0000000705200000, 0x0000000705200000| Untracked 
|  18|0x0000000705400000, 0x0000000705400000, 0x0000000705600000|  0%| F|  |TAMS 0x0000000705400000, 0x0000000705400000| Untracked 
|  19|0x0000000705600000, 0x0000000705600000, 0x0000000705800000|  0%| F|  |TAMS 0x0000000705600000, 0x0000000705600000| Untracked 
|  20|0x0000000705800000, 0x0000000705800000, 0x0000000705a00000|  0%| F|  |TAMS 0x0000000705800000, 0x0000000705800000| Untracked 
|  21|0x0000000705a00000, 0x0000000705a00000, 0x0000000705c00000|  0%| F|  |TAMS 0x0000000705a00000, 0x0000000705a00000| Untracked 
|  22|0x0000000705c00000, 0x0000000705c00000, 0x0000000705e00000|  0%| F|  |TAMS 0x0000000705c00000, 0x0000000705c00000| Untracked 
|  23|0x0000000705e00000, 0x0000000705e00000, 0x0000000706000000|  0%| F|  |TAMS 0x0000000705e00000, 0x0000000705e00000| Untracked 
|  24|0x0000000706000000, 0x0000000706000000, 0x0000000706200000|  0%| F|  |TAMS 0x0000000706000000, 0x0000000706000000| Untracked 
|  25|0x0000000706200000, 0x0000000706200000, 0x0000000706400000|  0%| F|  |TAMS 0x0000000706200000, 0x0000000706200000| Untracked 
|  26|0x0000000706400000, 0x0000000706400000, 0x0000000706600000|  0%| F|  |TAMS 0x0000000706400000, 0x0000000706400000| Untracked 
|  27|0x0000000706600000, 0x0000000706600000, 0x0000000706800000|  0%| F|  |TAMS 0x0000000706600000, 0x0000000706600000| Untracked 
|  28|0x0000000706800000, 0x0000000706800000, 0x0000000706a00000|  0%| F|  |TAMS 0x0000000706800000, 0x0000000706800000| Untracked 
|  29|0x0000000706a00000, 0x0000000706a00000, 0x0000000706c00000|  0%| F|  |TAMS 0x0000000706a00000, 0x0000000706a00000| Untracked 
|  30|0x0000000706c00000, 0x0000000706c00000, 0x0000000706e00000|  0%| F|  |TAMS 0x0000000706c00000, 0x0000000706c00000| Untracked 
|  31|0x0000000706e00000, 0x0000000706e00000, 0x0000000707000000|  0%| F|  |TAMS 0x0000000706e00000, 0x0000000706e00000| Untracked 
|  32|0x0000000707000000, 0x0000000707000000, 0x0000000707200000|  0%| F|  |TAMS 0x0000000707000000, 0x0000000707000000| Untracked 
|  33|0x0000000707200000, 0x0000000707200000, 0x0000000707400000|  0%| F|  |TAMS 0x0000000707200000, 0x0000000707200000| Untracked 
|  34|0x0000000707400000, 0x0000000707400000, 0x0000000707600000|  0%| F|  |TAMS 0x0000000707400000, 0x0000000707400000| Untracked 
|  35|0x0000000707600000, 0x0000000707600000, 0x0000000707800000|  0%| F|  |TAMS 0x0000000707600000, 0x0000000707600000| Untracked 
|  36|0x0000000707800000, 0x0000000707800000, 0x0000000707a00000|  0%| F|  |TAMS 0x0000000707800000, 0x0000000707800000| Untracked 
|  37|0x0000000707a00000, 0x0000000707a00000, 0x0000000707c00000|  0%| F|  |TAMS 0x0000000707a00000, 0x0000000707a00000| Untracked 
|  38|0x0000000707c00000, 0x0000000707c00000, 0x0000000707e00000|  0%| F|  |TAMS 0x0000000707c00000, 0x0000000707c00000| Untracked 
|  39|0x0000000707e00000, 0x0000000707e00000, 0x0000000708000000|  0%| F|  |TAMS 0x0000000707e00000, 0x0000000707e00000| Untracked 
|  40|0x0000000708000000, 0x0000000708000000, 0x0000000708200000|  0%| F|  |TAMS 0x0000000708000000, 0x0000000708000000| Untracked 
|  41|0x0000000708200000, 0x0000000708200000, 0x0000000708400000|  0%| F|  |TAMS 0x0000000708200000, 0x0000000708200000| Untracked 
|  42|0x0000000708400000, 0x0000000708400000, 0x0000000708600000|  0%| F|  |TAMS 0x0000000708400000, 0x0000000708400000| Untracked 
|  43|0x0000000708600000, 0x0000000708600000, 0x0000000708800000|  0%| F|  |TAMS 0x0000000708600000, 0x0000000708600000| Untracked 
|  44|0x0000000708800000, 0x0000000708800000, 0x0000000708a00000|  0%| F|  |TAMS 0x0000000708800000, 0x0000000708800000| Untracked 
|  45|0x0000000708a00000, 0x0000000708a00000, 0x0000000708c00000|  0%| F|  |TAMS 0x0000000708a00000, 0x0000000708a00000| Untracked 
|  46|0x0000000708c00000, 0x0000000708c00000, 0x0000000708e00000|  0%| F|  |TAMS 0x0000000708c00000, 0x0000000708c00000| Untracked 
|  47|0x0000000708e00000, 0x0000000708e00000, 0x0000000709000000|  0%| F|  |TAMS 0x0000000708e00000, 0x0000000708e00000| Untracked 
|  48|0x0000000709000000, 0x0000000709000000, 0x0000000709200000|  0%| F|  |TAMS 0x0000000709000000, 0x0000000709000000| Untracked 
|  49|0x0000000709200000, 0x0000000709200000, 0x0000000709400000|  0%| F|  |TAMS 0x0000000709200000, 0x0000000709200000| Untracked 
|  50|0x0000000709400000, 0x0000000709400000, 0x0000000709600000|  0%| F|  |TAMS 0x0000000709400000, 0x0000000709400000| Untracked 
|  51|0x0000000709600000, 0x0000000709600000, 0x0000000709800000|  0%| F|  |TAMS 0x0000000709600000, 0x0000000709600000| Untracked 
|  52|0x0000000709800000, 0x0000000709800000, 0x0000000709a00000|  0%| F|  |TAMS 0x0000000709800000, 0x0000000709800000| Untracked 
|  53|0x0000000709a00000, 0x0000000709a00000, 0x0000000709c00000|  0%| F|  |TAMS 0x0000000709a00000, 0x0000000709a00000| Untracked 
|  54|0x0000000709c00000, 0x0000000709c00000, 0x0000000709e00000|  0%| F|  |TAMS 0x0000000709c00000, 0x0000000709c00000| Untracked 
|  55|0x0000000709e00000, 0x0000000709e00000, 0x000000070a000000|  0%| F|  |TAMS 0x0000000709e00000, 0x0000000709e00000| Untracked 
|  56|0x000000070a000000, 0x000000070a000000, 0x000000070a200000|  0%| F|  |TAMS 0x000000070a000000, 0x000000070a000000| Untracked 
|  57|0x000000070a200000, 0x000000070a200000, 0x000000070a400000|  0%| F|  |TAMS 0x000000070a200000, 0x000000070a200000| Untracked 
|  58|0x000000070a400000, 0x000000070a400000, 0x000000070a600000|  0%| F|  |TAMS 0x000000070a400000, 0x000000070a400000| Untracked 
|  59|0x000000070a600000, 0x000000070a600000, 0x000000070a800000|  0%| F|  |TAMS 0x000000070a600000, 0x000000070a600000| Untracked 
|  60|0x000000070a800000, 0x000000070a800000, 0x000000070aa00000|  0%| F|  |TAMS 0x000000070a800000, 0x000000070a800000| Untracked 
|  61|0x000000070aa00000, 0x000000070aa00000, 0x000000070ac00000|  0%| F|  |TAMS 0x000000070aa00000, 0x000000070aa00000| Untracked 
|  62|0x000000070ac00000, 0x000000070ac00000, 0x000000070ae00000|  0%| F|  |TAMS 0x000000070ac00000, 0x000000070ac00000| Untracked 
|  63|0x000000070ae00000, 0x000000070ae00000, 0x000000070b000000|  0%| F|  |TAMS 0x000000070ae00000, 0x000000070ae00000| Untracked 
|  64|0x000000070b000000, 0x000000070b000000, 0x000000070b200000|  0%| F|  |TAMS 0x000000070b000000, 0x000000070b000000| Untracked 
|  65|0x000000070b200000, 0x000000070b200000, 0x000000070b400000|  0%| F|  |TAMS 0x000000070b200000, 0x000000070b200000| Untracked 
|  66|0x000000070b400000, 0x000000070b400000, 0x000000070b600000|  0%| F|  |TAMS 0x000000070b400000, 0x000000070b400000| Untracked 
|  67|0x000000070b600000, 0x000000070b600000, 0x000000070b800000|  0%| F|  |TAMS 0x000000070b600000, 0x000000070b600000| Untracked 
|  68|0x000000070b800000, 0x000000070b800000, 0x000000070ba00000|  0%| F|  |TAMS 0x000000070b800000, 0x000000070b800000| Untracked 
|  69|0x000000070ba00000, 0x000000070ba00000, 0x000000070bc00000|  0%| F|  |TAMS 0x000000070ba00000, 0x000000070ba00000| Untracked 
|  70|0x000000070bc00000, 0x000000070bc00000, 0x000000070be00000|  0%| F|  |TAMS 0x000000070bc00000, 0x000000070bc00000| Untracked 
|  71|0x000000070be00000, 0x000000070be00000, 0x000000070c000000|  0%| F|  |TAMS 0x000000070be00000, 0x000000070be00000| Untracked 
|  72|0x000000070c000000, 0x000000070c000000, 0x000000070c200000|  0%| F|  |TAMS 0x000000070c000000, 0x000000070c000000| Untracked 
|  73|0x000000070c200000, 0x000000070c200000, 0x000000070c400000|  0%| F|  |TAMS 0x000000070c200000, 0x000000070c200000| Untracked 
|  74|0x000000070c400000, 0x000000070c400000, 0x000000070c600000|  0%| F|  |TAMS 0x000000070c400000, 0x000000070c400000| Untracked 
|  75|0x000000070c600000, 0x000000070c600000, 0x000000070c800000|  0%| F|  |TAMS 0x000000070c600000, 0x000000070c600000| Untracked 
|  76|0x000000070c800000, 0x000000070c800000, 0x000000070ca00000|  0%| F|  |TAMS 0x000000070c800000, 0x000000070c800000| Untracked 
|  77|0x000000070ca00000, 0x000000070ca00000, 0x000000070cc00000|  0%| F|  |TAMS 0x000000070ca00000, 0x000000070ca00000| Untracked 
|  78|0x000000070cc00000, 0x000000070cc00000, 0x000000070ce00000|  0%| F|  |TAMS 0x000000070cc00000, 0x000000070cc00000| Untracked 
|  79|0x000000070ce00000, 0x000000070ce00000, 0x000000070d000000|  0%| F|  |TAMS 0x000000070ce00000, 0x000000070ce00000| Untracked 
|  80|0x000000070d000000, 0x000000070d000000, 0x000000070d200000|  0%| F|  |TAMS 0x000000070d000000, 0x000000070d000000| Untracked 
|  81|0x000000070d200000, 0x000000070d200000, 0x000000070d400000|  0%| F|  |TAMS 0x000000070d200000, 0x000000070d200000| Untracked 
|  82|0x000000070d400000, 0x000000070d400000, 0x000000070d600000|  0%| F|  |TAMS 0x000000070d400000, 0x000000070d400000| Untracked 
|  83|0x000000070d600000, 0x000000070d600000, 0x000000070d800000|  0%| F|  |TAMS 0x000000070d600000, 0x000000070d600000| Untracked 
|  84|0x000000070d800000, 0x000000070d800000, 0x000000070da00000|  0%| F|  |TAMS 0x000000070d800000, 0x000000070d800000| Untracked 
|  85|0x000000070da00000, 0x000000070da00000, 0x000000070dc00000|  0%| F|  |TAMS 0x000000070da00000, 0x000000070da00000| Untracked 
|  86|0x000000070dc00000, 0x000000070dc00000, 0x000000070de00000|  0%| F|  |TAMS 0x000000070dc00000, 0x000000070dc00000| Untracked 
|  87|0x000000070de00000, 0x000000070de00000, 0x000000070e000000|  0%| F|  |TAMS 0x000000070de00000, 0x000000070de00000| Untracked 
|  88|0x000000070e000000, 0x000000070e000000, 0x000000070e200000|  0%| F|  |TAMS 0x000000070e000000, 0x000000070e000000| Untracked 
|  89|0x000000070e200000, 0x000000070e200000, 0x000000070e400000|  0%| F|  |TAMS 0x000000070e200000, 0x000000070e200000| Untracked 
|  90|0x000000070e400000, 0x000000070e400000, 0x000000070e600000|  0%| F|  |TAMS 0x000000070e400000, 0x000000070e400000| Untracked 
|  91|0x000000070e600000, 0x000000070e600000, 0x000000070e800000|  0%| F|  |TAMS 0x000000070e600000, 0x000000070e600000| Untracked 
|  92|0x000000070e800000, 0x000000070e800000, 0x000000070ea00000|  0%| F|  |TAMS 0x000000070e800000, 0x000000070e800000| Untracked 
|  93|0x000000070ea00000, 0x000000070ea00000, 0x000000070ec00000|  0%| F|  |TAMS 0x000000070ea00000, 0x000000070ea00000| Untracked 
|  94|0x000000070ec00000, 0x000000070ec00000, 0x000000070ee00000|  0%| F|  |TAMS 0x000000070ec00000, 0x000000070ec00000| Untracked 
|  95|0x000000070ee00000, 0x000000070ee00000, 0x000000070f000000|  0%| F|  |TAMS 0x000000070ee00000, 0x000000070ee00000| Untracked 
|  96|0x000000070f000000, 0x000000070f000000, 0x000000070f200000|  0%| F|  |TAMS 0x000000070f000000, 0x000000070f000000| Untracked 
|  97|0x000000070f200000, 0x000000070f200000, 0x000000070f400000|  0%| F|  |TAMS 0x000000070f200000, 0x000000070f200000| Untracked 
|  98|0x000000070f400000, 0x000000070f400000, 0x000000070f600000|  0%| F|  |TAMS 0x000000070f400000, 0x000000070f400000| Untracked 
|  99|0x000000070f600000, 0x000000070f600000, 0x000000070f800000|  0%| F|  |TAMS 0x000000070f600000, 0x000000070f600000| Untracked 
| 100|0x000000070f800000, 0x000000070f800000, 0x000000070fa00000|  0%| F|  |TAMS 0x000000070f800000, 0x000000070f800000| Untracked 
| 101|0x000000070fa00000, 0x000000070fa00000, 0x000000070fc00000|  0%| F|  |TAMS 0x000000070fa00000, 0x000000070fa00000| Untracked 
| 102|0x000000070fc00000, 0x000000070fc00000, 0x000000070fe00000|  0%| F|  |TAMS 0x000000070fc00000, 0x000000070fc00000| Untracked 
| 103|0x000000070fe00000, 0x000000070fe00000, 0x0000000710000000|  0%| F|  |TAMS 0x000000070fe00000, 0x000000070fe00000| Untracked 
| 104|0x0000000710000000, 0x0000000710000000, 0x0000000710200000|  0%| F|  |TAMS 0x0000000710000000, 0x0000000710000000| Untracked 
| 105|0x0000000710200000, 0x0000000710200000, 0x0000000710400000|  0%| F|  |TAMS 0x0000000710200000, 0x0000000710200000| Untracked 
| 106|0x0000000710400000, 0x0000000710400000, 0x0000000710600000|  0%| F|  |TAMS 0x0000000710400000, 0x0000000710400000| Untracked 
| 107|0x0000000710600000, 0x0000000710600000, 0x0000000710800000|  0%| F|  |TAMS 0x0000000710600000, 0x0000000710600000| Untracked 
| 108|0x0000000710800000, 0x0000000710800000, 0x0000000710a00000|  0%| F|  |TAMS 0x0000000710800000, 0x0000000710800000| Untracked 
| 109|0x0000000710a00000, 0x0000000710a00000, 0x0000000710c00000|  0%| F|  |TAMS 0x0000000710a00000, 0x0000000710a00000| Untracked 
| 110|0x0000000710c00000, 0x0000000710c00000, 0x0000000710e00000|  0%| F|  |TAMS 0x0000000710c00000, 0x0000000710c00000| Untracked 
| 111|0x0000000710e00000, 0x0000000710e00000, 0x0000000711000000|  0%| F|  |TAMS 0x0000000710e00000, 0x0000000710e00000| Untracked 
| 112|0x0000000711000000, 0x0000000711000000, 0x0000000711200000|  0%| F|  |TAMS 0x0000000711000000, 0x0000000711000000| Untracked 
| 113|0x0000000711200000, 0x0000000711200000, 0x0000000711400000|  0%| F|  |TAMS 0x0000000711200000, 0x0000000711200000| Untracked 
| 114|0x0000000711400000, 0x0000000711400000, 0x0000000711600000|  0%| F|  |TAMS 0x0000000711400000, 0x0000000711400000| Untracked 
| 115|0x0000000711600000, 0x0000000711600000, 0x0000000711800000|  0%| F|  |TAMS 0x0000000711600000, 0x0000000711600000| Untracked 
| 116|0x0000000711800000, 0x0000000711800000, 0x0000000711a00000|  0%| F|  |TAMS 0x0000000711800000, 0x0000000711800000| Untracked 
| 117|0x0000000711a00000, 0x0000000711a00000, 0x0000000711c00000|  0%| F|  |TAMS 0x0000000711a00000, 0x0000000711a00000| Untracked 
| 118|0x0000000711c00000, 0x0000000711e00000, 0x0000000711e00000|100%| E|  |TAMS 0x0000000711c00000, 0x0000000711c00000| Complete 
| 119|0x0000000711e00000, 0x0000000712000000, 0x0000000712000000|100%| E|CS|TAMS 0x0000000711e00000, 0x0000000711e00000| Complete 
| 120|0x0000000712000000, 0x0000000712200000, 0x0000000712200000|100%| E|CS|TAMS 0x0000000712000000, 0x0000000712000000| Complete 
| 121|0x0000000712200000, 0x0000000712400000, 0x0000000712400000|100%| E|CS|TAMS 0x0000000712200000, 0x0000000712200000| Complete 
| 122|0x0000000712400000, 0x0000000712600000, 0x0000000712600000|100%| E|CS|TAMS 0x0000000712400000, 0x0000000712400000| Complete 
| 123|0x0000000712600000, 0x0000000712800000, 0x0000000712800000|100%| E|CS|TAMS 0x0000000712600000, 0x0000000712600000| Complete 
| 124|0x0000000712800000, 0x0000000712a00000, 0x0000000712a00000|100%| E|CS|TAMS 0x0000000712800000, 0x0000000712800000| Complete 
| 125|0x0000000712a00000, 0x0000000712c00000, 0x0000000712c00000|100%| E|CS|TAMS 0x0000000712a00000, 0x0000000712a00000| Complete 
| 126|0x0000000712c00000, 0x0000000712e00000, 0x0000000712e00000|100%| E|CS|TAMS 0x0000000712c00000, 0x0000000712c00000| Complete 

Card table byte_map: [0x000002108b680000,0x000002108be70000] _byte_map_base: 0x0000021087e68000

Marking Bits (Prev, Next): (CMBitMap*) 0x00000210ffa3f210, (CMBitMap*) 0x00000210ffa3f250
 Prev Bits: [0x000002108c660000, 0x00000210905a0000)
 Next Bits: [0x00000210905a0000, 0x00000210944e0000)

Polling page: 0x00000210fd970000

Metaspace:

Usage:
  Non-class:      4.44 MB used.
      Class:    603.45 KB used.
       Both:      5.03 MB used.

Virtual space:
  Non-class space:       64.00 MB reserved,       4.50 MB (  7%) committed,  1 nodes.
      Class space:        1.00 GB reserved,     704.00 KB ( <1%) committed,  1 nodes.
             Both:        1.06 GB reserved,       5.19 MB ( <1%) committed. 

Chunk freelists:
   Non-Class:  2.69 MB
       Class:  3.20 MB
        Both:  5.89 MB

MaxMetaspaceSize: unlimited
CompressedClassSpaceSize: 1.00 GB
Initial GC threshold: 21.00 MB
Current GC threshold: 21.00 MB
CDS: on
MetaspaceReclaimPolicy: balanced
 - commit_granule_bytes: 65536.
 - commit_granule_words: 8192.
 - virtual_space_node_default_size: 8388608.
 - enlarge_chunks_in_place: 1.
 - new_chunks_are_fully_committed: 0.
 - uncommit_free_chunks: 1.
 - use_allocation_guard: 0.


Internal statistics:

num_allocs_failed_limit: 0.
num_arena_births: 124.
num_arena_deaths: 0.
num_vsnodes_births: 2.
num_vsnodes_deaths: 0.
num_space_committed: 83.
num_space_uncommitted: 0.
num_chunks_returned_to_freelist: 0.
num_chunks_taken_from_freelist: 154.
num_chunk_merges: 0.
num_chunk_splits: 100.
num_chunks_enlarged: 59.
num_inconsistent_stats: 0.

CodeCache: size=49152Kb used=4370Kb max_used=4370Kb free=44782Kb
 bounds [0x0000021087e90000, 0x00000210882e0000, 0x000002108ae90000]
 total_blobs=1543 nmethods=1094 adapters=372
 compilation: enabled
              stopped_count=0, restarted_count=0
 full_count=0

Compilation events (20 events):
Event: 0.577 Thread 0x000002109b4e5c80 1085       1       java.util.ArrayDeque::addLast (51 bytes)
Event: 0.577 Thread 0x000002109b4e5c80 nmethod 1085 0x00000210882d0f10 code [0x00000210882d10c0, 0x00000210882d1378]
Event: 0.577 Thread 0x000002109b4e5c80 1086       1       java.util.zip.ZipUtils::LOCSIG (6 bytes)
Event: 0.577 Thread 0x000002109b4e3b20 1087       1       java.lang.Object::<init> (1 bytes)
Event: 0.577 Thread 0x000002109b4e5c80 nmethod 1086 0x00000210882d1490 code [0x00000210882d1620, 0x00000210882d1718]
Event: 0.577 Thread 0x000002109b4e3b20 nmethod 1087 0x00000210882d1810 code [0x00000210882d19a0, 0x00000210882d1a78]
Event: 0.578 Thread 0x000002109b4e5c80 1088       1       java.util.zip.ZipCoder$UTF8ZipCoder::toString (12 bytes)
Event: 0.578 Thread 0x0000021097064270 1089       1       java.lang.System$2::newStringUTF8NoRepl (7 bytes)
Event: 0.578 Thread 0x000002109b4e56f0 1090       1       java.lang.String::newStringUTF8NoRepl (289 bytes)
Event: 0.578 Thread 0x0000021097064270 nmethod 1089 0x00000210882d1b10 code [0x00000210882d1ca0, 0x00000210882d1d88]
Event: 0.578 Thread 0x000002109b4e5c80 nmethod 1088 0x00000210882d1e10 code [0x00000210882d1fa0, 0x00000210882d2088]
Event: 0.579 Thread 0x000002109b4e56f0 nmethod 1090 0x00000210882d2110 code [0x00000210882d2360, 0x00000210882d2fa8]
Event: 0.579 Thread 0x000002109b4e5c80 1091       1       java.util.ArrayDeque::add (7 bytes)
Event: 0.579 Thread 0x000002109b4e5c80 nmethod 1091 0x00000210882d3410 code [0x00000210882d35a0, 0x00000210882d3688]
Event: 0.580 Thread 0x000002109b4e5c80 1092       1       java.lang.ClassLoader::checkName (37 bytes)
Event: 0.580 Thread 0x000002109b4e5c80 nmethod 1092 0x00000210882d3710 code [0x00000210882d38e0, 0x00000210882d3bd8]
Event: 0.580 Thread 0x000002109b4e5c80 1093       1       java.security.CodeSource::getLocationNoFragString (5 bytes)
Event: 0.580 Thread 0x000002109b4e5c80 nmethod 1093 0x00000210882d3e10 code [0x00000210882d3fa0, 0x00000210882d4078]
Event: 0.582 Thread 0x000002109b4e3b20 1094       1       sun.net.www.ParseUtil::firstEncodeIndex (86 bytes)
Event: 0.582 Thread 0x000002109b4e3b20 nmethod 1094 0x00000210882d4110 code [0x00000210882d42c0, 0x00000210882d45c8]

GC Heap History (0 events):
No events

Dll operation events (13 events):
Event: 0.007 Loaded shared library C:\Users\ntesf\.jdks\bin\java.dll
Event: 0.015 Loaded shared library C:\Users\ntesf\.jdks\bin\jsvml.dll
Event: 0.123 Loaded shared library C:\Users\ntesf\.jdks\bin\zip.dll
Event: 0.125 Loaded shared library C:\Users\ntesf\.jdks\bin\instrument.dll
Event: 0.132 Loaded shared library C:\Users\ntesf\.jdks\bin\net.dll
Event: 0.134 Loaded shared library C:\Users\ntesf\.jdks\bin\nio.dll
Event: 0.139 Loaded shared library C:\Users\ntesf\.jdks\bin\zip.dll
Event: 0.237 Loaded shared library C:\Program Files\JetBrains\IntelliJ IDEA 2021.3.1\bin\breakgen64.dll
Event: 0.244 Loaded shared library C:\Users\ntesf\.jdks\bin\jimage.dll
Event: 0.249 Loaded shared library C:\Users\ntesf\.jdks\bin\extnet.dll
Event: 0.266 Loaded shared library C:\Users\ntesf\.jdks\bin\management.dll
Event: 0.278 Loaded shared library C:\Users\ntesf\.jdks\bin\management_ext.dll
Event: 0.567 Loaded shared library C:\Users\ntesf\.jssc\windows\jSSC-2.8_x86_64.dll

Deoptimization events (4 events):
Event: 0.401 Thread 0x00000210ff9d00b0 DEOPT PACKING pc=0x000002108825bf55 sp=0x000000e7e68fcfd0
Event: 0.401 Thread 0x00000210ff9d00b0 DEOPT UNPACKING pc=0x0000021087ef7543 sp=0x000000e7e68fc480 mode 3
Event: 0.413 Thread 0x00000210ff9d00b0 DEOPT PACKING pc=0x0000021088275bd0 sp=0x000000e7e68fcfa0
Event: 0.413 Thread 0x00000210ff9d00b0 DEOPT UNPACKING pc=0x0000021087ef7543 sp=0x000000e7e68fc458 mode 3

Classes loaded (20 events):
Event: 0.556 Loading class java/io/ClassCache$CacheRef
Event: 0.556 Loading class java/io/ClassCache$CacheRef done
Event: 0.556 Loading class java/io/ObjectStreamClass$FieldReflectorKey
Event: 0.556 Loading class java/io/ObjectStreamClass$FieldReflectorKey done
Event: 0.556 Loading class java/io/ObjectStreamClass$FieldReflector
Event: 0.557 Loading class java/io/ObjectStreamClass$FieldReflector done
Event: 0.558 Loading class java/io/ObjectStreamClass$ClassDataSlot
Event: 0.558 Loading class java/io/ObjectStreamClass$ClassDataSlot done
Event: 0.558 Loading class java/io/SerialCallbackContext
Event: 0.558 Loading class java/io/SerialCallbackContext done
Event: 0.559 Loading class sun/rmi/transport/ConnectionOutputStream
Event: 0.559 Loading class sun/rmi/server/MarshalOutputStream
Event: 0.559 Loading class sun/rmi/server/MarshalOutputStream done
Event: 0.559 Loading class sun/rmi/transport/ConnectionOutputStream done
Event: 0.560 Loading class jdk/internal/agent/ConnectorAddressLink
Event: 0.560 Loading class jdk/internal/agent/ConnectorAddressLink done
Event: 0.560 Loading class sun/management/counter/Units
Event: 0.560 Loading class sun/management/counter/Units done
Event: 0.561 Loading class jdk/internal/loader/URLClassPath$FileLoader$1
Event: 0.561 Loading class jdk/internal/loader/URLClassPath$FileLoader$1 done

Classes unloaded (0 events):
No events

Classes redefined (0 events):
No events

Internal exceptions (15 events):
Event: 0.228 Thread 0x00000210ff9d00b0 Exception <a 'java/lang/NoSuchMethodError'{0x00000007125b4cb0}: 'void java.lang.invoke.DirectMethodHandle$Holder.invokeStatic(java.lang.Object, java.lang.Object, java.lang.Object)'> (0x00000007125b4cb0) 
thrown [s\open\src\hotspot\share\interpreter\linkResolver.cpp, line 774]
Event: 0.233 Thread 0x00000210ff9d00b0 Exception <a 'java/lang/NoSuchMethodError'{0x0000000712213968}: 'java.lang.Object java.lang.invoke.Invokers$Holder.invokeExact_MT(java.lang.Object, java.lang.Object, java.lang.Object, java.lang.Object, java.lang.Object)'> (0x0000000712213968) 
thrown [s\open\src\hotspot\share\interpreter\linkResolver.cpp, line 774]
Event: 0.250 Thread 0x000002109b9f22c0 Exception <a 'java/lang/NoSuchMethodError'{0x0000000712278910}: 'void java.lang.invoke.DirectMethodHandle$Holder.invokeStatic(java.lang.Object, java.lang.Object)'> (0x0000000712278910) 
thrown [s\open\src\hotspot\share\interpreter\linkResolver.cpp, line 774]
Event: 0.264 Thread 0x00000210ff9d00b0 Exception <a 'java/lang/NoSuchMethodError'{0x0000000712245420}: 'java.lang.Object java.lang.invoke.DirectMethodHandle$Holder.invokeStaticInit(java.lang.Object)'> (0x0000000712245420) 
thrown [s\open\src\hotspot\share\interpreter\linkResolver.cpp, line 774]
Event: 0.283 Thread 0x00000210ff9d00b0 Exception <a 'java/lang/NoSuchMethodError'{0x000000071225b778}: 'int java.lang.invoke.DirectMethodHandle$Holder.invokeInterface(java.lang.Object, java.lang.Object)'> (0x000000071225b778) 
thrown [s\open\src\hotspot\share\interpreter\linkResolver.cpp, line 774]
Event: 0.284 Thread 0x00000210ff9d00b0 Exception <a 'java/lang/IncompatibleClassChangeError'{0x000000071225ed78}: Found class java.lang.Object, but interface was expected> (0x000000071225ed78) 
thrown [s\open\src\hotspot\share\interpreter\linkResolver.cpp, line 841]
Event: 0.336 Thread 0x00000210ff9d00b0 Exception <a 'java/lang/NoSuchMethodError'{0x000000071239e0c8}: 'int java.lang.invoke.DirectMethodHandle$Holder.invokeSpecial(java.lang.Object, java.lang.Object, java.lang.Object)'> (0x000000071239e0c8) 
thrown [s\open\src\hotspot\share\interpreter\linkResolver.cpp, line 774]
Event: 0.373 Thread 0x00000210ff9d00b0 Exception <a 'java/lang/NoSuchMethodError'{0x0000000712048140}: 'java.lang.Object java.lang.invoke.DirectMethodHandle$Holder.invokeStaticInit(java.lang.Object, java.lang.Object, java.lang.Object)'> (0x0000000712048140) 
thrown [s\open\src\hotspot\share\interpreter\linkResolver.cpp, line 774]
Event: 0.439 Thread 0x00000210ff9d00b0 Exception <a 'java/lang/NoSuchMethodError'{0x0000000711f3be68}: 'int java.lang.invoke.DirectMethodHandle$Holder.invokeSpecialIFC(java.lang.Object, java.lang.Object, java.lang.Object)'> (0x0000000711f3be68) 
thrown [s\open\src\hotspot\share\interpreter\linkResolver.cpp, line 774]
Event: 0.464 Thread 0x00000210ff9d00b0 Exception <a 'java/lang/NoSuchMethodError'{0x0000000711fb1dc8}: 'java.lang.Object java.lang.invoke.DirectMethodHandle$Holder.invokeStaticInit(java.lang.Object, int, int, int, int)'> (0x0000000711fb1dc8) 
thrown [s\open\src\hotspot\share\interpreter\linkResolver.cpp, line 774]
Event: 0.534 Thread 0x00000210ff9d00b0 Exception <a 'java/lang/NoSuchMethodError'{0x0000000711c88850}: 'java.lang.Object java.lang.invoke.DirectMethodHandle$Holder.invokeStaticInit(java.lang.Object, java.lang.Object, int, int, int, int)'> (0x0000000711c88850) 
thrown [s\open\src\hotspot\share\interpreter\linkResolver.cpp, line 774]
Event: 0.545 Thread 0x00000210ff9d00b0 Exception <a 'java/lang/ClassNotFoundException'{0x0000000711ca8878}: javax/management/remote/rmi/RMIServerImpl_Skel> (0x0000000711ca8878) 
thrown [s\open\src\hotspot\share\classfile\systemDictionary.cpp, line 255]
Event: 0.554 Thread 0x00000210ff9d00b0 Exception <a 'java/lang/NoSuchMethodError'{0x0000000711cc2968}: 'long java.lang.invoke.DirectMethodHandle$Holder.invokeSpecial(java.lang.Object, java.lang.Object)'> (0x0000000711cc2968) 
thrown [s\open\src\hotspot\share\interpreter\linkResolver.cpp, line 774]
Event: 0.554 Thread 0x00000210ff9d00b0 Exception <a 'java/lang/NoSuchMethodError'{0x0000000711cc62c0}: 'long java.lang.invoke.Invokers$Holder.invokeExact_MT(java.lang.Object, java.lang.Object)'> (0x0000000711cc62c0) 
thrown [s\open\src\hotspot\share\interpreter\linkResolver.cpp, line 774]
Event: 0.558 Thread 0x00000210ff9d00b0 Exception <a 'java/lang/NoSuchMethodError'{0x0000000711cdf100}: 'void java.lang.invoke.DirectMethodHandle$Holder.invokeSpecial(java.lang.Object, java.lang.Object, java.lang.Object)'> (0x0000000711cdf100) 
thrown [s\open\src\hotspot\share\interpreter\linkResolver.cpp, line 774]

VM Operations (16 events):
Event: 0.113 Executing VM operation: HandshakeAllThreads
Event: 0.113 Executing VM operation: HandshakeAllThreads done
Event: 0.242 Executing VM operation: HandshakeAllThreads
Event: 0.242 Executing VM operation: HandshakeAllThreads done
Event: 0.289 Executing VM operation: HandshakeAllThreads
Event: 0.289 Executing VM operation: HandshakeAllThreads done
Event: 0.451 Executing VM operation: HandshakeAllThreads
Event: 0.451 Executing VM operation: HandshakeAllThreads done
Event: 0.544 Executing VM operation: HandshakeAllThreads
Event: 0.544 Executing VM operation: HandshakeAllThreads done
Event: 0.561 Executing VM operation: HandshakeAllThreads
Event: 0.561 Executing VM operation: HandshakeAllThreads done
Event: 0.576 Executing VM operation: HandshakeAllThreads
Event: 0.576 Executing VM operation: HandshakeAllThreads done
Event: 0.580 Executing VM operation: HandshakeAllThreads
Event: 0.580 Executing VM operation: HandshakeAllThreads done

Events (16 events):
Event: 0.016 Thread 0x00000210ff9d00b0 Thread added: 0x00000210ff9d00b0
Event: 0.028 Thread 0x0000021097031de0 Thread added: 0x0000021097031de0
Event: 0.028 Thread 0x0000021097032910 Thread added: 0x0000021097032910
Event: 0.029 Thread 0x00000210970362b0 Thread added: 0x00000210970362b0
Event: 0.029 Thread 0x000002109703bed0 Thread added: 0x000002109703bed0
Event: 0.029 Thread 0x000002109703c800 Thread added: 0x000002109703c800
Event: 0.029 Thread 0x0000021097039ff0 Thread added: 0x0000021097039ff0
Event: 0.029 Thread 0x0000021097064270 Thread added: 0x0000021097064270
Event: 0.029 Thread 0x000002109706d820 Thread added: 0x000002109706d820
Event: 0.107 Thread 0x000002109b4d9200 Thread added: 0x000002109b4d9200
Event: 0.113 Thread 0x000002109b4e3b20 Thread added: 0x000002109b4e3b20
Event: 0.114 Thread 0x000002109b4e5c80 Thread added: 0x000002109b4e5c80
Event: 0.116 Thread 0x000002109b4e56f0 Thread added: 0x000002109b4e56f0
Event: 0.239 Thread 0x000002109b9f22c0 Thread added: 0x000002109b9f22c0
Event: 0.239 Thread 0x000002109b9f2800 Thread added: 0x000002109b9f2800
Event: 0.551 Thread 0x000002109bcac010 Thread added: 0x000002109bcac010


Dynamic libraries:
0x00007ff60c470000 - 0x00007ff60c480000 	C:\Users\ntesf\.jdks\bin\java.exe
0x00007ffadb3b0000 - 0x00007ffadb5a8000 	C:\windows\SYSTEM32\ntdll.dll
0x00007ffadb2b0000 - 0x00007ffadb36d000 	C:\windows\System32\KERNEL32.DLL
0x00007ffad90a0000 - 0x00007ffad936e000 	C:\windows\System32\KERNELBASE.dll
0x00007ffad8d50000 - 0x00007ffad8e50000 	C:\windows\System32\ucrtbase.dll
0x00007ffad23c0000 - 0x00007ffad23d8000 	C:\Users\ntesf\.jdks\bin\jli.dll
0x00007ffad2050000 - 0x00007ffad206b000 	C:\Users\ntesf\.jdks\bin\VCRUNTIME140.dll
0x00007ffadae90000 - 0x00007ffadaf3e000 	C:\windows\System32\ADVAPI32.dll
0x00007ffadaf40000 - 0x00007ffadafde000 	C:\windows\System32\msvcrt.dll
0x00007ffada510000 - 0x00007ffada5ac000 	C:\windows\System32\sechost.dll
0x00007ffadac70000 - 0x00007ffadad95000 	C:\windows\System32\RPCRT4.dll
0x00007ffada370000 - 0x00007ffada510000 	C:\windows\System32\USER32.dll
0x00007ffad8d20000 - 0x00007ffad8d42000 	C:\windows\System32\win32u.dll
0x00007ffab8c20000 - 0x00007ffab8eba000 	C:\windows\WinSxS\amd64_microsoft.windows.common-controls_6595b64144ccf1df_6.0.19041.1110_none_60b5254171f9507e\COMCTL32.dll
0x00007ffadb0c0000 - 0x00007ffadb0ea000 	C:\windows\System32\GDI32.dll
0x00007ffad8b60000 - 0x00007ffad8c6b000 	C:\windows\System32\gdi32full.dll
0x00007ffad9370000 - 0x00007ffad940d000 	C:\windows\System32\msvcp_win.dll
0x00007ffad1a00000 - 0x00007ffad1a0a000 	C:\windows\SYSTEM32\VERSION.dll
0x00007ffad95c0000 - 0x00007ffad95f0000 	C:\windows\System32\IMM32.DLL
0x00007ffad2f00000 - 0x00007ffad2f0c000 	C:\Users\ntesf\.jdks\bin\vcruntime140_1.dll
0x00007ffa96550000 - 0x00007ffa965de000 	C:\Users\ntesf\.jdks\bin\msvcp140.dll
0x00007ffa63af0000 - 0x00007ffa647b0000 	C:\Users\ntesf\.jdks\bin\server\jvm.dll
0x00007ffabddf0000 - 0x00007ffabde17000 	C:\windows\SYSTEM32\WINMM.dll
0x00007ffabbf10000 - 0x00007ffabbf19000 	C:\windows\SYSTEM32\WSOCK32.dll
0x00007ffada610000 - 0x00007ffada67b000 	C:\windows\System32\WS2_32.dll
0x00007ffad7350000 - 0x00007ffad7362000 	C:\windows\SYSTEM32\kernel.appcore.dll
0x00007ffad2cd0000 - 0x00007ffad2cda000 	C:\Users\ntesf\.jdks\bin\jimage.dll
0x00007ffad7070000 - 0x00007ffad7254000 	C:\windows\SYSTEM32\DBGHELP.DLL
0x00007ffac3020000 - 0x00007ffac304c000 	C:\windows\SYSTEM32\dbgcore.DLL
0x00007ffad8ad0000 - 0x00007ffad8b52000 	C:\windows\System32\bcryptPrimitives.dll
0x00007ffad2400000 - 0x00007ffad240e000 	C:\Users\ntesf\.jdks\bin\instrument.dll
0x00007ffabc8d0000 - 0x00007ffabc8f6000 	C:\Users\ntesf\.jdks\bin\java.dll
0x00007ffa96470000 - 0x00007ffa96547000 	C:\Users\ntesf\.jdks\bin\jsvml.dll
0x00007ffad95f0000 - 0x00007ffad9d33000 	C:\windows\System32\SHELL32.dll
0x00007ffad6800000 - 0x00007ffad6f95000 	C:\windows\SYSTEM32\windows.storage.dll
0x00007ffada870000 - 0x00007ffadabc4000 	C:\windows\System32\combase.dll
0x00007ffad8530000 - 0x00007ffad8560000 	C:\windows\SYSTEM32\Wldp.dll
0x00007ffada210000 - 0x00007ffada2bd000 	C:\windows\System32\SHCORE.dll
0x00007ffada5b0000 - 0x00007ffada605000 	C:\windows\System32\shlwapi.dll
0x00007ffad8a10000 - 0x00007ffad8a2f000 	C:\windows\SYSTEM32\profapi.dll
0x00007ffac3bd0000 - 0x00007ffac3be8000 	C:\Users\ntesf\.jdks\bin\zip.dll
0x00007ffabaae0000 - 0x00007ffabaaf3000 	C:\Users\ntesf\.jdks\bin\net.dll
0x00007ffac4090000 - 0x00007ffac419a000 	C:\windows\SYSTEM32\WINHTTP.dll
0x00007ffad8290000 - 0x00007ffad82fa000 	C:\windows\system32\mswsock.dll
0x00007ffaba9c0000 - 0x00007ffaba9d6000 	C:\Users\ntesf\.jdks\bin\nio.dll
0x00007ffab6090000 - 0x00007ffab60aa000 	C:\Program Files\JetBrains\IntelliJ IDEA 2021.3.1\bin\breakgen64.dll
0x00007ffad23a0000 - 0x00007ffad23a8000 	C:\Users\ntesf\.jdks\bin\extnet.dll
0x00007ffad7f80000 - 0x00007ffad804a000 	C:\windows\SYSTEM32\DNSAPI.dll
0x00007ffad7f30000 - 0x00007ffad7f6b000 	C:\windows\SYSTEM32\IPHLPAPI.DLL
0x00007ffadabd0000 - 0x00007ffadabd8000 	C:\windows\System32\NSI.dll
0x00007ffac0dd0000 - 0x00007ffac0dda000 	C:\Windows\System32\rasadhlp.dll
0x00007ffac0c90000 - 0x00007ffac0d10000 	C:\windows\System32\fwpuclnt.dll
0x00007ffad9070000 - 0x00007ffad9097000 	C:\windows\System32\bcrypt.dll
0x00007ffad0a80000 - 0x00007ffad0a8a000 	C:\Users\ntesf\.jdks\bin\management.dll
0x00007ffac3ab0000 - 0x00007ffac3abb000 	C:\Users\ntesf\.jdks\bin\management_ext.dll
0x00007ffadabe0000 - 0x00007ffadabe8000 	C:\windows\System32\PSAPI.DLL
0x00007ffad8480000 - 0x00007ffad8498000 	C:\windows\SYSTEM32\CRYPTSP.dll
0x00007ffad7ba0000 - 0x00007ffad7bd4000 	C:\windows\system32\rsaenh.dll
0x00007ffad8990000 - 0x00007ffad89be000 	C:\windows\SYSTEM32\USERENV.dll
0x00007ffad84a0000 - 0x00007ffad84ac000 	C:\windows\SYSTEM32\CRYPTBASE.dll
0x00007ffad0250000 - 0x00007ffad0267000 	C:\windows\SYSTEM32\dhcpcsvc6.DLL
0x00007ffad14a0000 - 0x00007ffad14bd000 	C:\windows\SYSTEM32\dhcpcsvc.DLL
0x00007ffab5210000 - 0x00007ffab5227000 	C:\windows\system32\napinsp.dll
0x00007ffab3800000 - 0x00007ffab381b000 	C:\windows\system32\pnrpnsp.dll
0x00007ffad32a0000 - 0x00007ffad32b5000 	C:\windows\system32\wshbth.dll
0x00007ffad1e70000 - 0x00007ffad1e8d000 	C:\windows\system32\NLAapi.dll
0x00007ffab37e0000 - 0x00007ffab37f2000 	C:\windows\System32\winrnr.dll
0x0000000071100000 - 0x0000000071125000 	C:\Users\ntesf\.jssc\windows\jSSC-2.8_x86_64.dll

dbghelp: loaded successfully - version: 4.0.5 - missing functions: none
symbol engine: initialized successfully - sym options: 0x614 - pdb path: .;C:\Users\ntesf\.jdks\bin;C:\windows\SYSTEM32;C:\windows\WinSxS\amd64_microsoft.windows.common-controls_6595b64144ccf1df_6.0.19041.1110_none_60b5254171f9507e;C:\Users\ntesf\.jdks\bin\server;C:\Program Files\JetBrains\IntelliJ IDEA 2021.3.1\bin;C:\Users\ntesf\.jssc\windows

VM Arguments:
jvm_args: -Djava.library.path=C:\Users\ntesf\OneDrive\Рабочий стол\TemperatureControl -XX:TieredStopAtLevel=1 -Xverify:none -Dspring.output.ansi.enabled=always -Dcom.sun.management.jmxremote -Dspring.jmx.enabled=true -Dspring.liveBeansView.mbeanDomain -Dspring.application.admin.enabled=true -javaagent:C:\Program Files\JetBrains\IntelliJ IDEA 2021.3.1\lib\idea_rt.jar=63902:C:\Program Files\JetBrains\IntelliJ IDEA 2021.3.1\bin -Dfile.encoding=UTF-8 
java_command: com.i4rt.temperaturecontrol.TemperatureControlApplication
java_class_path (initial): C:\Users\ntesf\OneDrive\Рабочий стол\TemperatureControl\target\classes;C:\Users\ntesf\.m2\repository\com\github\kochedykov\jlibmodbus\1.2.9.0\jlibmodbus-1.2.9.0.jar;C:\Users\ntesf\.m2\repository\com\github\purejavacomm\purejavacomm\1.0.2.RELEASE\purejavacomm-1.0.2.RELEASE.jar;C:\Users\ntesf\.m2\repository\net\java\dev\jna\jna\4.2.2\jna-4.2.2.jar;C:\Users\ntesf\.m2\repository\org\scream3r\jssc\2.8.0\jssc-2.8.0.jar;C:\Users\ntesf\.m2\repository\org\rxtx\rxtx\2.1.7\rxtx-2.1.7.jar;C:\Users\ntesf\.m2\repository\org\springframework\boot\spring-boot-starter-data-jpa\2.7.3\spring-boot-starter-data-jpa-2.7.3.jar;C:\Users\ntesf\.m2\repository\org\springframework\boot\spring-boot-starter-aop\2.7.3\spring-boot-starter-aop-2.7.3.jar;C:\Users\ntesf\.m2\repository\org\aspectj\aspectjweaver\1.9.7\aspectjweaver-1.9.7.jar;C:\Users\ntesf\.m2\repository\org\springframework\boot\spring-boot-starter-jdbc\2.7.3\spring-boot-starter-jdbc-2.7.3.jar;C:\Users\ntesf\.m2\repository\com\zaxxer\HikariCP\4.0.3\HikariCP-4.0.3.jar;C:\Users\ntesf\.m2\repository\org\springframework\spring-jdbc\5.3.22\spring-jdbc-5.3.22.jar;C:\Users\ntesf\.m2\repository\jakarta\transaction\jakarta.transaction-api\1.3.3\jakarta.transaction-api-1.3.3.jar;C:\Users\ntesf\.m2\repository\jakarta\persistence\jakarta.persistence-api\2.2.3\jakarta.persistence-api-2.2.3.jar;C:\Users\ntesf\.m2\repository\org\hibernate\hibernate-core\5.6.10.Final\hibernate-core-5.6.10.Final.jar;C:\Users\ntesf\.m2\repository\org\jboss\logging\jboss-logging\3.4.3.Final\jboss-logging-3.4.3.Final.jar;C:\Users\ntesf\.m2\repository\net\bytebuddy\byte-buddy\1.12.13\byte-buddy-1.12.13.jar;C:\Users\ntesf\.m2\repository\antlr\antlr\2.7.7\antlr-2.7.7.jar;C:\Users\ntesf\.m2\repository\org\jboss\jandex\2.4.2.Final\jandex-2.4.2.Final.jar;C:\Users\ntesf\.m2\repository\com\fasterxml\classmate\1.5.1\classmate-1.5.1.jar;C:\Users\ntesf\.m2\repository\org\hibernate\common\hibernate-commons-annotations\5.1.2.Final\hibernate-commons-annotations-5.1.2.Final.jar;C:\Users\ntesf\.m2\repository\org\glassfish\jaxb\jaxb-runtime\2.3.6\jaxb-runtime-2.3.6.jar;C:\Users\ntesf\.m2\repository\org\glassfish\jaxb\txw2\2.3.6\txw2-2.3.6.jar;C:\Users\ntesf\.m2\repository\com\sun\istack\istack-commons-runtime\3.0.12\istack-commons-runtime-3.0.12.jar;C:\Users\ntesf\.m2\repository\com\sun\activation\jakarta.activation\1.2.2\jakarta.activation-1.2.2.jar;C:\Users\ntesf\.m2\repository\org\springframework\data\spring-data-jpa\2.7.2\spring-data-jpa-2.7.2.jar;C:\Users\ntesf\.m2\repository\org\springframework\data\spring-data-commons\2.7.2\spring-data-commons-2.7.2.jar;C:\Users\ntesf\.m2\repository\org\springframework\spring-orm\5.3.22\spring-orm-5.3.22.jar;C:\Users\ntesf\.m2\repository\org\springframework\spring-tx\5.3.22\spring-tx-5.3.22.jar;C:\Users\ntesf\.m2\repository\org\slf4j\slf4j-api\1.7.36\slf4j-api-1.7.36.jar;C:\Users\ntesf\.m2\repository\org\springframework\spring-aspects\5.3.22\spring-aspects-5.3.22.jar;C:\Users\ntesf\.m2\repository\org\springframework\boot\spring-boot-starter-thymeleaf\2.7.3\spring-boot-starter-thymeleaf-2.7.3.jar;C:\Users\ntesf\.m2\repository\org\springframework\boot\spring-boot-starter\2.7.3\spring-boot-starter-2.7.3.jar;C:\Users\ntesf\.m2\repository\org\springframework\boot\spring-boot-starter-logging\2.7.3\spring-boot-starter-logging-2.7.3.jar;C:\Users\ntesf\.m2\repository\ch\qos\logback\logback-classic\1.2.11\logback-classic-1.2.11.jar;C:\Users\ntesf\.m2\repository\ch\qos\logback\logback-core\1.2.11\logback-core-1.2.11.jar;C:\Users\ntesf\.m2\repository\org\apache\logging\log4j\log4j-to-slf4j\2.17.2\log4j-to-slf4j-2.17.2.jar;C:\Users\ntesf\.m2\repository\org\apache\logging\log4j\log4j-api\2.17.2\log4j-api-2.17.2.jar;C:\Users\ntesf\.m2\repository\org\slf4j\jul-to-slf4j\1.7.36\jul-to-slf4j-1.7.36.jar;C:\Users\ntesf\.m2\repository\jakarta\annotation\jakarta.annotation-api\1.3.5\jakarta.annotation-api-1.3.5.jar;C:\Users\ntesf\.m2\repository\org\yaml\snakeyaml\1.30\snakeyaml-1.30.jar;C:\Users\ntesf\.m2\repository\org\thymeleaf\thymeleaf-spring5\3.0.15.RELEASE\thymeleaf-spring5-3.0.15.RELEASE.jar;C:\Users\ntesf\.m2\repository\org\thymeleaf\thymeleaf\3.0.15.RELEASE\thymeleaf-3.0.15.RELEASE.jar;C:\Users\ntesf\.m2\repository\org\attoparser\attoparser\2.0.5.RELEASE\attoparser-2.0.5.RELEASE.jar;C:\Users\ntesf\.m2\repository\org\unbescape\unbescape\1.1.6.RELEASE\unbescape-1.1.6.RELEASE.jar;C:\Users\ntesf\.m2\repository\org\thymeleaf\extras\thymeleaf-extras-java8time\3.0.4.RELEASE\thymeleaf-extras-java8time-3.0.4.RELEASE.jar;C:\Users\ntesf\.m2\repository\org\springframework\boot\spring-boot-starter-web\2.7.3\spring-boot-starter-web-2.7.3.jar;C:\Users\ntesf\.m2\repository\org\springframework\boot\spring-boot-starter-json\2.7.3\spring-boot-starter-json-2.7.3.jar;C:\Users\ntesf\.m2\repository\com\fasterxml\jackson\core\jackson-databind\2.13.3\jackson-databind-2.13.3.jar;C:\Users\ntesf\.m2\repository\com\fasterxml\jackson\core\jackson-annotations\2.13.3\jackson-annotations-2.13.3.jar;C:\Users\ntesf\.m2\repository\com\fasterxml\jackson\core\jackson-core\2.13.3\jackson-core-2.13.3.jar;C:\Users\ntesf\.m2\repository\com\fasterxml\jackson\datatype\jackson-datatype-jdk8\2.13.3\jackson-datatype-jdk8-2.13.3.jar;C:\Users\ntesf\.m2\repository\com\fasterxml\jackson\datatype\jackson-datatype-jsr310\2.13.3\jackson-datatype-jsr310-2.13.3.jar;C:\Users\ntesf\.m2\repository\com\fasterxml\jackson\module\jackson-module-parameter-names\2.13.3\jackson-module-parameter-names-2.13.3.jar;C:\Users\ntesf\.m2\repository\org\springframework\boot\spring-boot-starter-tomcat\2.7.3\spring-boot-starter-tomcat-2.7.3.jar;C:\Users\ntesf\.m2\repository\org\apache\tomcat\embed\tomcat-embed-core\9.0.65\tomcat-embed-core-9.0.65.jar;C:\Users\ntesf\.m2\repository\org\apache\tomcat\embed\tomcat-embed-el\9.0.65\tomcat-embed-el-9.0.65.jar;C:\Users\ntesf\.m2\repository\org\apache\tomcat\embed\tomcat-embed-websocket\9.0.65\tomcat-embed-websocket-9.0.65.jar;C:\Users\ntesf\.m2\repository\org\springframework\spring-web\5.3.22\spring-web-5.3.22.jar;C:\Users\ntesf\.m2\repository\org\springframework\spring-webmvc\5.3.22\spring-webmvc-5.3.22.jar;C:\Users\ntesf\.m2\repository\org\springframework\boot\spring-boot-devtools\2.7.3\spring-boot-devtools-2.7.3.jar;C:\Users\ntesf\.m2\repository\org\springframework\boot\spring-boot\2.7.3\spring-boot-2.7.3.jar;C:\Users\ntesf\.m2\repository\org\springframework\boot\spring-boot-autoconfigure\2.7.3\spring-boot-autoconfigure-2.7.3.jar;C:\Users\ntesf\.m2\repository\com\h2database\h2\2.1.214\h2-2.1.214.jar;C:\Users\ntesf\.m2\repository\org\postgresql\postgresql\42.3.6\postgresql-42.3.6.jar;C:\Users\ntesf\.m2\repository\org\checkerframework\checker-qual\3.5.0\checker-qual-3.5.0.jar;C:\Users\ntesf\.m2\repository\org\projectlombok\lombok\1.18.24\lombok-1.18.24.jar;C:\Users\ntesf\.m2\repository\jakarta\xml\bind\jakarta.xml.bind-api\2.3.3\jakarta.xml.bind-api-2.3.3.jar;C:\Users\ntesf\.m2\repository\jakarta\activation\jakarta.activation-api\1.2.2\jakarta.activation-api-1.2.2.jar;C:\Users\ntesf\.m2\repository\org\springframework\spring-core\5.3.22\spring-core-5.3.22.jar;C:\Users\ntesf\.m2\repository\org\springframework\spring-jcl\5.3.22\spring-jcl-5.3.22.jar;C:\Users\ntesf\.m2\repository\org\json\json\20160810\json-20160810.jar;C:\Users\ntesf\.m2\repository\org\springframework\spring-test\5.3.22\spring-test-5.3.22.jar;C:\Users\ntesf\.m2\repository\org\springframework\security\spring-security-core\5.7.3\spring-security-core-5.7.3.jar;C:\Users\ntesf\.m2\repository\org\springframework\security\spring-security-crypto\5.7.3\spring-security-crypto-5.7.3.jar;C:\Users\ntesf\.m2\repository\org\springframework\spring-aop\5.3.22\spring-aop-5.3.22.jar;C:\Users\ntesf\.m2\repository\org\springframework\spring-beans\5.3.22\spring-beans-5.3.22.jar;C:\Users\ntesf\.m2\repository\org\springframework\spring-context\5.3.22\spring-context-5.3.22.jar;C:\Users\ntesf\.m2\repository\org\springframework\spring-expression\5.3.22\spring-expression-5.3.22.jar;C:\Users\ntesf\.m2\repository\org\springframework\security\spring-security-web\5.7.3\spring-security-web-5.7.3.jar;C:\Users\ntesf\.m2\repository\org\springframework\security\spring-security-config\5.7.3\spring-security-config-5.7.3.jar;C:\Users\ntesf\.m2\repository\org\apache\httpcomponents\httpcore\4.4.15\httpcore-4.4.15.jar;C:\Users\ntesf\.m2\repository\org\apache\httpcomponents\httpclient\4.5.13\httpclient-4.5.13.jar;C:\Users\ntesf\.m2\repository\commons-codec\commons-codec\1.15\commons-codec-1.15.jar;C:\Users\ntesf\.m2\repository\com\google\api\gax\1.57.0\gax-1.57.0.jar;C:\Users\ntesf\.m2\repository\com\google\guava\guava\28.2-android\guava-28.2-android.jar;C:\Users\ntesf\.m2\repository\com\google\guava\failureaccess\1.0.1\failureaccess-1.0.1.jar;C:\Users\ntesf\.m2\repository\com\google\guava\listenablefuture\9999.0-empty-to-avoid-conflict-with-guava\listenablefuture-9999.0-empty-to-avoid-conflict-with-guava.jar;C:\Users\ntesf\.m2\repository\org\checkerframework\checker-compat-qual\2.5.5\checker-compat-qual-2.5.5.jar;C:\Users\ntesf\.m2\repository\com\google\errorprone\error_prone_annotations\2.3.4\error_prone_annotations-2.3.4.jar;C:\Users\ntesf\.m2\repository\com\google\j2objc\j2objc-annotations\1.3\j2objc-annotations-1.3.jar;C:\Users\ntesf\.m2\repository\com\google\code\findbugs\jsr305\3.0.2\jsr305-3.0.2.jar;C:\Users\ntesf\.m2\repository\org\threeten\threetenbp\1.4.1\threetenbp-1.4.1.jar;C:\Users\ntesf\.m2\repository\com\google\auth\google-auth-library-oauth2-http\0.20.0\google-auth-library-oauth2-http-0.20.0.jar;C:\Users\ntesf\.m2\repository\com\google\auto\value\auto-value-annotations\1.7\auto-value-annotations-1.7.jar;C:\Users\ntesf\.m2\repository\com\google\auth\google-auth-library-credentials\0.20.0\google-auth-library-credentials-0.20.0.jar;C:\Users\ntesf\.m2\repository\com\google\http-client\google-http-client\1.34.0\google-http-client-1.34.0.jar;C:\Users\ntesf\.m2\repository\io\opencensus\opencensus-contrib-http-util\0.24.0\opencensus-contrib-http-util-0.24.0.jar;C:\Users\ntesf\.m2\repository\com\google\http-client\google-http-client-jackson2\1.34.0\google-http-client-jackson2-1.34.0.jar;C:\Users\ntesf\.m2\repository\com\google\api\api-common\1.9.2\api-common-1.9.2.jar;C:\Users\ntesf\.m2\repository\javax\annotation\javax.annotation-api\1.3.2\javax.annotation-api-1.3.2.jar;C:\Users\ntesf\.m2\repository\io\opencensus\opencensus-api\0.24.0\opencensus-api-0.24.0.jar;C:\Users\ntesf\.m2\repository\io\grpc\grpc-context\1.22.1\grpc-context-1.22.1.jar;C:\Users\ntesf\.m2\repository\com\github\jkschneider\netty-jssc\0.1.0\netty-jssc-0.1.0.jar;C:\Users\ntesf\.m2\repository\io\netty\netty-all\4.0.21.Final\netty-all-4.0.21.Final.jar;C:\Users\ntesf\.m2\repository\io\github\java-native\jssc\2.9.4\jssc-2.9.4.jar;C:\Users\ntesf\.m2\repository\org\scijava\native-lib-loader\2.3.6\native-lib-loader-2.3.6.jar;C:\Users\ntesf\.m2\repository\org\slf4j\slf4j-api\1.7.30\slf4j-api-1.7.30.jar
Launcher Type: SUN_STANDARD

[Global flags]
     intx CICompilerCount                          = 4                                         {product} {ergonomic}
     uint ConcGCThreads                            = 3                                         {product} {ergonomic}
     uint G1ConcRefinementThreads                  = 10                                        {product} {ergonomic}
   size_t G1HeapRegionSize                         = 2097152                                   {product} {ergonomic}
    uintx GCDrainStackTargetSize                   = 64                                        {product} {ergonomic}
   size_t InitialHeapSize                          = 266338304                                 {product} {ergonomic}
     bool ManagementServer                         = true                                      {product} {command line}
   size_t MarkStackSize                            = 4194304                                   {product} {ergonomic}
   size_t MaxHeapSize                              = 4244635648                                {product} {ergonomic}
   size_t MaxNewSize                               = 2545942528                                {product} {ergonomic}
   size_t MinHeapDeltaBytes                        = 2097152                                   {product} {ergonomic}
   size_t MinHeapSize                              = 8388608                                   {product} {ergonomic}
    uintx NonProfiledCodeHeapSize                  = 0                                      {pd product} {ergonomic}
     bool ProfileInterpreter                       = false                                  {pd product} {command line}
    uintx ProfiledCodeHeapSize                     = 0                                      {pd product} {ergonomic}
   size_t SoftMaxHeapSize                          = 4244635648                             {manageable} {ergonomic}
     intx TieredStopAtLevel                        = 1                                         {product} {command line}
     bool UseCompressedClassPointers               = true                           {product lp64_product} {ergonomic}
     bool UseCompressedOops                        = true                           {product lp64_product} {ergonomic}
     bool UseG1GC                                  = true                                      {product} {ergonomic}
     bool UseLargePagesIndividualAllocation        = false                                  {pd product} {ergonomic}

Logging:
Log output configuration:
 #0: stdout all=warning uptime,level,tags foldmultilines=false
 #1: stderr all=off uptime,level,tags foldmultilines=false

Environment Variables:
JAVA_HOME=C:\Users\ntesf\.jdks\
PATH=C:\windows\system32;C:\windows;C:\windows\System32\Wbem;C:\windows\System32\WindowsPowerShell\v1.0\;C:\windows\System32\OpenSSH\;C:\Program Files (x86)\NVIDIA Corporation\PhysX\Common;C:\Program Files\NVIDIA Corporation\NVIDIA NvDLISR;C:\Program Files\Git\cmd;C:\Program Files\CMake\bin;C:\opencv\x64\vc16\bin;C:\ProgramData\chocolatey\lib\tinyxml2\lib;C:\ProgramData\chocolatey\lib\log4cxx\lib;C:\Users\ntesf\flutter_windows_2.10.0-stable\flutter\bin;C:\vcpkg\vcpkg-master\installed\x64-windows\bin;C:\dev\apache-maven-3.8.5\bin;C:\Users\ntesf\.jdks\bin;C:\Program Files\nodejs\;C:\Users\ntesf\AppData\Local\Programs\Python\Python310\Scripts\;C:\Users\ntesf\AppData\Local\Programs\Python\Python310\;C:\Users\ntesf\AppData\Local\Microsoft\WindowsApps;C:\Program Files\JetBrains\IntelliJ IDEA 2021.3.1\bin;;C:\Users\ntesf\AppData\Local\GitHubDesktop\bin;C:\Users\ntesf\AppData\Local\Programs\Microsoft VS Code\bin;C:\Program Files\JetBrains\PhpStorm 2021.3.2\bin;;C:\dev\apache-maven-3.8.5\bin;C:\Users\ntesf\AppData\Roaming\npm
USERNAME=ntesf
OS=Windows_NT
PROCESSOR_IDENTIFIER=Intel64 Family 6 Model 165 Stepping 2, GenuineIntel
TMP=C:\Users\ntesf\AppData\Local\Temp
TEMP=C:\Users\ntesf\AppData\Local\Temp



---------------  S Y S T E M  ---------------

OS:
 Windows 10 , 64 bit Build 19041 (10.0.19041.1889)
OS uptime: 5 days 16:06 hours

CPU: total 12 (initial active 12) (6 cores per cpu, 2 threads per core) family 6 model 165 stepping 2 microcode 0xf0, cx8, cmov, fxsr, ht, mmx, 3dnowpref, sse, sse2, sse3, ssse3, sse4.1, sse4.2, popcnt, lzcnt, tsc, tscinvbit, avx, avx2, aes, erms, clmul, bmi1, bmi2, adx, fma, vzeroupper, clflush, clflushopt, rdtscp

Memory: 4k page, system-wide physical 16185M (2250M free)
TotalPageFile size 37689M (AvailPageFile size 18978M)
current process WorkingSet (physical memory assigned to process): 59M, peak: 59M
current process commit charge ("private bytes"): 355M, peak: 355M

vm_info: Java HotSpot(TM) 64-Bit Server VM (19+36-2238) for windows-amd64 JRE (19+36-2238), built on 2022-08-12T20:29:01Z by "mach5one" with MS VC++ 17.1 (VS2022)

END.
